#
# There is insufficient memory for the Java Runtime Environment to continue.
# Native memory allocation (malloc) failed to allocate 1394816 bytes. Error detail: Chunk::new
# Possible reasons:
#   The system is out of physical RAM or swap space
#   This process is running with CompressedOops enabled, and the Java Heap may be blocking the growth of the native heap
# Possible solutions:
#   Reduce memory load on the system
#   Increase physical memory or swap space
#   Check if swap backing store is full
#   Decrease Java heap size (-Xmx/-Xms)
#   Decrease number of Java threads
#   Decrease Java thread stack sizes (-Xss)
#   Set larger code cache with -XX:ReservedCodeCacheSize=
#   JVM is running with Unscaled Compressed Oops mode in which the Java heap is
#     placed in the first 4GB address space. The Java Heap base address is the
#     maximum limit for the native heap growth. Please use -XX:HeapBaseMinAddress
#     to set the Java Heap base and to place the Java Heap above 4GB virtual address.
# This output file may be truncated or incomplete.
#
#  Out of Memory Error (arena.cpp:168), pid=13316, tid=12012
#
# JRE version: OpenJDK Runtime Environment Temurin-21.0.5+11 (21.0.5+11) (build 21.0.5+11-LTS)
# Java VM: OpenJDK 64-Bit Server VM Temurin-21.0.5+11 (21.0.5+11-LTS, mixed mode, sharing, tiered, compressed oops, compressed class ptrs, parallel gc, windows-amd64)
# No core dump will be written. Minidumps are not enabled by default on client versions of Windows
#

---------------  S U M M A R Y ------------

Command Line: --add-modules=ALL-SYSTEM --add-opens=java.base/java.util=ALL-UNNAMED --add-opens=java.base/java.lang=ALL-UNNAMED --add-opens=java.base/sun.nio.fs=ALL-UNNAMED -Declipse.application=org.eclipse.jdt.ls.core.id1 -Dosgi.bundles.defaultStartLevel=4 -Declipse.product=org.eclipse.jdt.ls.core.product -Djava.import.generatesMetadataFilesAtProjectRoot=false -DDetectVMInstallationsJob.disabled=true -Dfile.encoding=utf8 -XX:+UseParallelGC -XX:GCTimeRatio=4 -XX:AdaptiveSizePolicyWeight=90 -Dsun.zip.disableMemoryMapping=true -Xmx1G -Xms100m -Xlog:disable -javaagent:c:\Users\josek\.vscode\extensions\redhat.java-1.39.0-win32-x64\lombok\lombok-1.18.34.jar -XX:+HeapDumpOnOutOfMemoryError -XX:HeapDumpPath=c:\Users\josek\AppData\Roaming\Code\User\workspaceStorage\8c11932dc36704d4658ce29911af89cf\redhat.java -Daether.dependencyCollector.impl=bf c:\Users\josek\.vscode\extensions\redhat.java-1.39.0-win32-x64\server\plugins\org.eclipse.equinox.launcher_1.6.900.v20240613-2009.jar -configuration c:\Users\josek\AppData\Roaming\Code\User\globalStorage\redhat.java\1.39.0\config_win -data c:\Users\josek\AppData\Roaming\Code\User\workspaceStorage\8c11932dc36704d4658ce29911af89cf\redhat.java\jdt_ws --pipe=\\.\pipe\lsp-80a137a584c29333139253a5d9c8d909-sock

Host: AMD Ryzen 7 5700X 8-Core Processor             , 16 cores, 15G,  Windows 11 , 64 bit Build 26100 (10.0.26100.2454)
Time: Tue Feb  4 17:36:08 2025 Hora oficial do Brasil elapsed time: 6.476105 seconds (0d 0h 0m 6s)

---------------  T H R E A D  ---------------

Current thread (0x000001a91d1e2180):  JavaThread "C2 CompilerThread2" daemon [_thread_in_native, id=12012, stack(0x00000086ad300000,0x00000086ad400000) (1024K)]


Current CompileTask:
C2:6476 10331       4       java.lang.invoke.MethodType::makeImpl (109 bytes)

Stack: [0x00000086ad300000,0x00000086ad400000]
Native frames: (J=compiled Java code, j=interpreted, Vv=VM code, C=native code)
V  [jvm.dll+0x6cd4e9]
V  [jvm.dll+0x8a7941]
V  [jvm.dll+0x8a9e6e]
V  [jvm.dll+0x8aa543]
V  [jvm.dll+0x27f6d6]
V  [jvm.dll+0xc500d]
V  [jvm.dll+0xc5543]
V  [jvm.dll+0x3b660c]
V  [jvm.dll+0x1dffe9]
V  [jvm.dll+0x247b22]
V  [jvm.dll+0x246faf]
V  [jvm.dll+0x1c75ce]
V  [jvm.dll+0x25682a]
V  [jvm.dll+0x254dca]
V  [jvm.dll+0x3f00d6]
V  [jvm.dll+0x8514fb]
V  [jvm.dll+0x6cbbed]
C  [ucrtbase.dll+0x14ea0]
C  [KERNEL32.DLL+0x2e8d7]
C  [ntdll.dll+0xdfbcc]


---------------  P R O C E S S  ---------------

Threads class SMR info:
_java_thread_list=0x000001a92b81bdb0, length=97, elements={
0x000001a8bdc9b3c0, 0x000001a916b08380, 0x000001a8d43ace90, 0x000001a916b0aed0,
0x000001a916b0bb20, 0x000001a916b0de00, 0x000001a916b13f00, 0x000001a916b20ab0,
0x000001a916b50890, 0x000001a916cae740, 0x000001a916cb2980, 0x000001a916cb5030,
0x000001a916e2fbc0, 0x000001a918326a10, 0x000001a918a4f490, 0x000001a9188746e0,
0x000001a91858bd90, 0x000001a91d17a050, 0x000001a91d1e1ab0, 0x000001a91d719960,
0x000001a91d515a90, 0x000001a91d52d910, 0x000001a91d1e2180, 0x000001a91d2e0270,
0x000001a91d2e3060, 0x000001a91d2dfbe0, 0x000001a91d2e0900, 0x000001a91d2e0f90,
0x000001a91d2e1cb0, 0x000001a91d2e1620, 0x000001a91d2e2340, 0x000001a91d2e29d0,
0x000001a91fe95f50, 0x000001a91fe95230, 0x000001a91fe94ba0, 0x000001a91fe97300,
0x000001a91fe97990, 0x000001a91fe965e0, 0x000001a91fe96c70, 0x000001a91fe958c0,
0x000001a91fe94510, 0x000001a91fe9a780, 0x000001a91fe98020, 0x000001a91fe98d40,
0x000001a91fe993d0, 0x000001a91fe9a0f0, 0x000001a91fe9ae10, 0x000001a91fe99a60,
0x000001a91fe9b4a0, 0x000001a91fe9bb30, 0x000001a91fe986b0, 0x000001a9209c0e40,
0x000001a9209c2880, 0x000001a9209c2f10, 0x000001a9209c4fe0, 0x000001a9209c42c0,
0x000001a9209c35a0, 0x000001a9209c3c30, 0x000001a9209c1b60, 0x000001a9209c4950,
0x000001a9209c5670, 0x000001a9209c21f0, 0x000001a9209c5d00, 0x000001a9209c6390,
0x000001a920cd1a20, 0x000001a920cd1390, 0x000001a920cd2740, 0x000001a920cd4180,
0x000001a920cd0d00, 0x000001a920cd2dd0, 0x000001a920cd4ea0, 0x000001a920cd3460,
0x000001a920cd3af0, 0x000001a920cd5530, 0x000001a920cd20b0, 0x000001a920cd5bc0,
0x000001a920cd6250, 0x000001a920cd68e0, 0x000001a920cd7c90, 0x000001a920cd6f70,
0x000001a920cd7600, 0x000001a920cd4810, 0x000001a921c4a0c0, 0x000001a921c48680,
0x000001a921c48d10, 0x000001a921c493a0, 0x000001a921c4a750, 0x000001a921c472d0,
0x000001a921c4ceb0, 0x000001a921c4e260, 0x000001a921c4bb00, 0x000001a921c4b470,
0x000001a921c4d540, 0x000001a921c4dbd0, 0x000001a921c4ade0, 0x000001a921c4c190,
0x000001a921c4c820
}

Java Threads: ( => current thread )
  0x000001a8bdc9b3c0 JavaThread "main"                              [_thread_blocked, id=21104, stack(0x00000086ab000000,0x00000086ab100000) (1024K)]
  0x000001a916b08380 JavaThread "Reference Handler"          daemon [_thread_blocked, id=8336, stack(0x00000086ab400000,0x00000086ab500000) (1024K)]
  0x000001a8d43ace90 JavaThread "Finalizer"                  daemon [_thread_blocked, id=24944, stack(0x00000086ab500000,0x00000086ab600000) (1024K)]
  0x000001a916b0aed0 JavaThread "Signal Dispatcher"          daemon [_thread_blocked, id=10420, stack(0x00000086ab600000,0x00000086ab700000) (1024K)]
  0x000001a916b0bb20 JavaThread "Attach Listener"            daemon [_thread_blocked, id=14360, stack(0x00000086ab700000,0x00000086ab800000) (1024K)]
  0x000001a916b0de00 JavaThread "Service Thread"             daemon [_thread_blocked, id=25880, stack(0x00000086ab800000,0x00000086ab900000) (1024K)]
  0x000001a916b13f00 JavaThread "Monitor Deflation Thread"   daemon [_thread_blocked, id=5356, stack(0x00000086ab900000,0x00000086aba00000) (1024K)]
  0x000001a916b20ab0 JavaThread "C2 CompilerThread0"         daemon [_thread_blocked, id=13152, stack(0x00000086aba00000,0x00000086abb00000) (1024K)]
  0x000001a916b50890 JavaThread "C1 CompilerThread0"         daemon [_thread_blocked, id=15132, stack(0x00000086abb00000,0x00000086abc00000) (1024K)]
  0x000001a916cae740 JavaThread "Common-Cleaner"             daemon [_thread_blocked, id=5572, stack(0x00000086abc00000,0x00000086abd00000) (1024K)]
  0x000001a916cb2980 JavaThread "C1 CompilerThread1"         daemon [_thread_blocked, id=18928, stack(0x00000086abd00000,0x00000086abe00000) (1024K)]
  0x000001a916cb5030 JavaThread "C1 CompilerThread2"         daemon [_thread_blocked, id=8596, stack(0x00000086abe00000,0x00000086abf00000) (1024K)]
  0x000001a916e2fbc0 JavaThread "C1 CompilerThread3"         daemon [_thread_blocked, id=26248, stack(0x00000086ac000000,0x00000086ac100000) (1024K)]
  0x000001a918326a10 JavaThread "Notification Thread"        daemon [_thread_blocked, id=6140, stack(0x00000086ac100000,0x00000086ac200000) (1024K)]
  0x000001a918a4f490 JavaThread "Active Thread: Equinox Container: c3c9ad90-bf80-48cb-b12a-3892fa68bdc9"        [_thread_blocked, id=17852, stack(0x00000086ac700000,0x00000086ac800000) (1024K)]
  0x000001a9188746e0 JavaThread "Refresh Thread: Equinox Container: c3c9ad90-bf80-48cb-b12a-3892fa68bdc9" daemon [_thread_blocked, id=17628, stack(0x00000086aca00000,0x00000086acb00000) (1024K)]
  0x000001a91858bd90 JavaThread "Framework Event Dispatcher: Equinox Container: c3c9ad90-bf80-48cb-b12a-3892fa68bdc9" daemon [_thread_blocked, id=9888, stack(0x00000086acb00000,0x00000086acc00000) (1024K)]
  0x000001a91d17a050 JavaThread "Start Level: Equinox Container: c3c9ad90-bf80-48cb-b12a-3892fa68bdc9" daemon [_thread_blocked, id=23936, stack(0x00000086acc00000,0x00000086acd00000) (1024K)]
  0x000001a91d1e1ab0 JavaThread "C2 CompilerThread1"         daemon [_thread_blocked, id=6396, stack(0x00000086abf00000,0x00000086ac000000) (1024K)]
  0x000001a91d719960 JavaThread "Bundle File Closer"         daemon [_thread_blocked, id=10008, stack(0x00000086acd00000,0x00000086ace00000) (1024K)]
  0x000001a91d515a90 JavaThread "SCR Component Actor"        daemon [_thread_blocked, id=17148, stack(0x00000086ad100000,0x00000086ad200000) (1024K)]
  0x000001a91d52d910 JavaThread "SCR Component Registry"     daemon [_thread_blocked, id=21496, stack(0x00000086ad200000,0x00000086ad300000) (1024K)]
=>0x000001a91d1e2180 JavaThread "C2 CompilerThread2"         daemon [_thread_in_native, id=12012, stack(0x00000086ad300000,0x00000086ad400000) (1024K)]
  0x000001a91d2e0270 JavaThread "Worker-JM"                         [_thread_blocked, id=5268, stack(0x00000086ad600000,0x00000086ad700000) (1024K)]
  0x000001a91d2e3060 JavaThread "JNA Cleaner"                daemon [_thread_blocked, id=23692, stack(0x00000086ad700000,0x00000086ad800000) (1024K)]
  0x000001a91d2dfbe0 JavaThread "Worker-0"                          [_thread_blocked, id=736, stack(0x00000086ad800000,0x00000086ad900000) (1024K)]
  0x000001a91d2e0900 JavaThread "Worker-1"                          [_thread_blocked, id=17876, stack(0x00000086ad900000,0x00000086ada00000) (1024K)]
  0x000001a91d2e0f90 JavaThread "Java indexing"              daemon [_thread_in_Java, id=17072, stack(0x00000086ada00000,0x00000086adb00000) (1024K)]
  0x000001a91d2e1cb0 JavaThread "Worker-2: Building"                [_thread_in_native, id=19284, stack(0x00000086ade00000,0x00000086adf00000) (1024K)]
  0x000001a91d2e1620 JavaThread "Worker-3: Java indexing... "        [_thread_blocked, id=1524, stack(0x00000086adf00000,0x00000086ae000000) (1024K)]
  0x000001a91d2e2340 JavaThread "Thread-2"                   daemon [_thread_in_native, id=8832, stack(0x00000086ae000000,0x00000086ae100000) (1024K)]
  0x000001a91d2e29d0 JavaThread "Thread-3"                   daemon [_thread_in_native, id=15524, stack(0x00000086ae100000,0x00000086ae200000) (1024K)]
  0x000001a91fe95f50 JavaThread "Thread-4"                   daemon [_thread_in_native, id=12276, stack(0x00000086ae200000,0x00000086ae300000) (1024K)]
  0x000001a91fe95230 JavaThread "Thread-5"                   daemon [_thread_in_native, id=20144, stack(0x00000086ae300000,0x00000086ae400000) (1024K)]
  0x000001a91fe94ba0 JavaThread "Thread-6"                   daemon [_thread_in_native, id=15252, stack(0x00000086ae400000,0x00000086ae500000) (1024K)]
  0x000001a91fe97300 JavaThread "Thread-7"                   daemon [_thread_in_native, id=14076, stack(0x00000086ae500000,0x00000086ae600000) (1024K)]
  0x000001a91fe97990 JavaThread "Thread-8"                   daemon [_thread_in_native, id=24296, stack(0x00000086ae600000,0x00000086ae700000) (1024K)]
  0x000001a91fe965e0 JavaThread "Thread-9"                   daemon [_thread_in_native, id=15068, stack(0x00000086ae700000,0x00000086ae800000) (1024K)]
  0x000001a91fe96c70 JavaThread "Thread-10"                  daemon [_thread_in_native, id=12624, stack(0x00000086ae800000,0x00000086ae900000) (1024K)]
  0x000001a91fe958c0 JavaThread "Thread-11"                  daemon [_thread_in_native, id=18112, stack(0x00000086ae900000,0x00000086aea00000) (1024K)]
  0x000001a91fe94510 JavaThread "Thread-12"                  daemon [_thread_in_native, id=10712, stack(0x00000086aea00000,0x00000086aeb00000) (1024K)]
  0x000001a91fe9a780 JavaThread "Thread-13"                  daemon [_thread_in_native, id=9704, stack(0x00000086aeb00000,0x00000086aec00000) (1024K)]
  0x000001a91fe98020 JavaThread "Thread-14"                  daemon [_thread_in_native, id=8904, stack(0x00000086aec00000,0x00000086aed00000) (1024K)]
  0x000001a91fe98d40 JavaThread "Thread-15"                  daemon [_thread_in_native, id=19260, stack(0x00000086aed00000,0x00000086aee00000) (1024K)]
  0x000001a91fe993d0 JavaThread "Thread-16"                  daemon [_thread_in_native, id=15884, stack(0x00000086aee00000,0x00000086aef00000) (1024K)]
  0x000001a91fe9a0f0 JavaThread "Thread-17"                  daemon [_thread_in_native, id=26424, stack(0x00000086aef00000,0x00000086af000000) (1024K)]
  0x000001a91fe9ae10 JavaThread "Thread-18"                  daemon [_thread_in_native, id=7228, stack(0x00000086af000000,0x00000086af100000) (1024K)]
  0x000001a91fe99a60 JavaThread "pool-2-thread-1"                   [_thread_blocked, id=10112, stack(0x00000086af100000,0x00000086af200000) (1024K)]
  0x000001a91fe9b4a0 JavaThread "WorkspaceEventsHandler"            [_thread_blocked, id=13612, stack(0x00000086af200000,0x00000086af300000) (1024K)]
  0x000001a91fe9bb30 JavaThread "pool-1-thread-1"                   [_thread_blocked, id=8600, stack(0x00000086af300000,0x00000086af400000) (1024K)]
  0x000001a91fe986b0 JavaThread "Worker-4"                          [_thread_blocked, id=680, stack(0x00000086af400000,0x00000086af500000) (1024K)]
  0x000001a9209c0e40 JavaThread "Worker-5"                          [_thread_blocked, id=15868, stack(0x00000086af500000,0x00000086af600000) (1024K)]
  0x000001a9209c2880 JavaThread "LocalFile Deleter"          daemon [_thread_blocked, id=18824, stack(0x00000086af600000,0x00000086af700000) (1024K)]
  0x000001a9209c2f10 JavaThread "LocalFile Deleter"          daemon [_thread_blocked, id=12736, stack(0x00000086af700000,0x00000086af800000) (1024K)]
  0x000001a9209c4fe0 JavaThread "LocalFile Deleter"          daemon [_thread_blocked, id=20744, stack(0x00000086af800000,0x00000086af900000) (1024K)]
  0x000001a9209c42c0 JavaThread "LocalFile Deleter"          daemon [_thread_blocked, id=21736, stack(0x00000086af900000,0x00000086afa00000) (1024K)]
  0x000001a9209c35a0 JavaThread "LocalFile Deleter"          daemon [_thread_blocked, id=2952, stack(0x00000086afa00000,0x00000086afb00000) (1024K)]
  0x000001a9209c3c30 JavaThread "LocalFile Deleter"          daemon [_thread_blocked, id=13920, stack(0x00000086afb00000,0x00000086afc00000) (1024K)]
  0x000001a9209c1b60 JavaThread "LocalFile Deleter"          daemon [_thread_blocked, id=14820, stack(0x00000086afc00000,0x00000086afd00000) (1024K)]
  0x000001a9209c4950 JavaThread "LocalFile Deleter"          daemon [_thread_blocked, id=23436, stack(0x00000086afd00000,0x00000086afe00000) (1024K)]
  0x000001a9209c5670 JavaThread "LocalFile Deleter"          daemon [_thread_blocked, id=27452, stack(0x00000086afe00000,0x00000086aff00000) (1024K)]
  0x000001a9209c21f0 JavaThread "LocalFile Deleter"          daemon [_thread_blocked, id=16648, stack(0x00000086aff00000,0x00000086b0000000) (1024K)]
  0x000001a9209c5d00 JavaThread "LocalFile Deleter"          daemon [_thread_blocked, id=20244, stack(0x00000086b0000000,0x00000086b0100000) (1024K)]
  0x000001a9209c6390 JavaThread "LocalFile Deleter"          daemon [_thread_blocked, id=22524, stack(0x00000086b0100000,0x00000086b0200000) (1024K)]
  0x000001a920cd1a20 JavaThread "LocalFile Deleter"          daemon [_thread_blocked, id=13112, stack(0x00000086b0200000,0x00000086b0300000) (1024K)]
  0x000001a920cd1390 JavaThread "LocalFile Deleter"          daemon [_thread_blocked, id=13716, stack(0x00000086b0300000,0x00000086b0400000) (1024K)]
  0x000001a920cd2740 JavaThread "LocalFile Deleter"          daemon [_thread_blocked, id=14960, stack(0x00000086b0400000,0x00000086b0500000) (1024K)]
  0x000001a920cd4180 JavaThread "LocalFile Deleter"          daemon [_thread_blocked, id=6740, stack(0x00000086b0500000,0x00000086b0600000) (1024K)]
  0x000001a920cd0d00 JavaThread "Compiler Source File Reader" daemon [_thread_blocked, id=10956, stack(0x00000086b0600000,0x00000086b0700000) (1024K)]
  0x000001a920cd2dd0 JavaThread "Compiler Source File Reader" daemon [_thread_blocked, id=6768, stack(0x00000086b0700000,0x00000086b0800000) (1024K)]
  0x000001a920cd4ea0 JavaThread "Compiler Source File Reader" daemon [_thread_blocked, id=26904, stack(0x00000086b0800000,0x00000086b0900000) (1024K)]
  0x000001a920cd3460 JavaThread "Compiler Source File Reader" daemon [_thread_blocked, id=12236, stack(0x00000086b0900000,0x00000086b0a00000) (1024K)]
  0x000001a920cd3af0 JavaThread "Compiler Source File Reader" daemon [_thread_blocked, id=9600, stack(0x00000086b0a00000,0x00000086b0b00000) (1024K)]
  0x000001a920cd5530 JavaThread "Compiler Source File Reader" daemon [_thread_blocked, id=23256, stack(0x00000086b0b00000,0x00000086b0c00000) (1024K)]
  0x000001a920cd20b0 JavaThread "Compiler Source File Reader" daemon [_thread_blocked, id=24884, stack(0x00000086b0c00000,0x00000086b0d00000) (1024K)]
  0x000001a920cd5bc0 JavaThread "Compiler Source File Reader" daemon [_thread_blocked, id=25692, stack(0x00000086b0d00000,0x00000086b0e00000) (1024K)]
  0x000001a920cd6250 JavaThread "Compiler Source File Reader" daemon [_thread_blocked, id=11384, stack(0x00000086b0e00000,0x00000086b0f00000) (1024K)]
  0x000001a920cd68e0 JavaThread "Compiler Source File Reader" daemon [_thread_blocked, id=17268, stack(0x00000086b0f00000,0x00000086b1000000) (1024K)]
  0x000001a920cd7c90 JavaThread "Compiler Source File Reader" daemon [_thread_blocked, id=7908, stack(0x00000086b1000000,0x00000086b1100000) (1024K)]
  0x000001a920cd6f70 JavaThread "Compiler Source File Reader" daemon [_thread_blocked, id=13804, stack(0x00000086b1100000,0x00000086b1200000) (1024K)]
  0x000001a920cd7600 JavaThread "Compiler Source File Reader" daemon [_thread_blocked, id=22712, stack(0x00000086b1200000,0x00000086b1300000) (1024K)]
  0x000001a920cd4810 JavaThread "Compiler Source File Reader" daemon [_thread_blocked, id=25188, stack(0x00000086b1300000,0x00000086b1400000) (1024K)]
  0x000001a921c4a0c0 JavaThread "Compiler Processing Task"   daemon [_thread_blocked, id=20640, stack(0x00000086b1400000,0x00000086b1500000) (1024K)]
  0x000001a921c48680 JavaThread "Compiler Class File Writer" daemon [_thread_blocked, id=10968, stack(0x00000086b1500000,0x00000086b1600000) (1024K)]
  0x000001a921c48d10 JavaThread "Compiler Class File Writer" daemon [_thread_blocked, id=26780, stack(0x00000086b1600000,0x00000086b1700000) (1024K)]
  0x000001a921c493a0 JavaThread "Compiler Class File Writer" daemon [_thread_blocked, id=11868, stack(0x00000086b1700000,0x00000086b1800000) (1024K)]
  0x000001a921c4a750 JavaThread "Compiler Class File Writer" daemon [_thread_blocked, id=24060, stack(0x00000086b1800000,0x00000086b1900000) (1024K)]
  0x000001a921c472d0 JavaThread "Compiler Class File Writer" daemon [_thread_blocked, id=12104, stack(0x00000086b1900000,0x00000086b1a00000) (1024K)]
  0x000001a921c4ceb0 JavaThread "Compiler Class File Writer" daemon [_thread_blocked, id=15860, stack(0x00000086b1a00000,0x00000086b1b00000) (1024K)]
  0x000001a921c4e260 JavaThread "Compiler Class File Writer" daemon [_thread_blocked, id=8028, stack(0x00000086b1b00000,0x00000086b1c00000) (1024K)]
  0x000001a921c4bb00 JavaThread "Compiler Class File Writer" daemon [_thread_blocked, id=15080, stack(0x00000086b1c00000,0x00000086b1d00000) (1024K)]
  0x000001a921c4b470 JavaThread "Compiler Class File Writer" daemon [_thread_blocked, id=9168, stack(0x00000086b1d00000,0x00000086b1e00000) (1024K)]
  0x000001a921c4d540 JavaThread "Compiler Class File Writer" daemon [_thread_blocked, id=4848, stack(0x00000086b1e00000,0x00000086b1f00000) (1024K)]
  0x000001a921c4dbd0 JavaThread "Compiler Class File Writer" daemon [_thread_blocked, id=20324, stack(0x00000086b1f00000,0x00000086b2000000) (1024K)]
  0x000001a921c4ade0 JavaThread "Compiler Class File Writer" daemon [_thread_blocked, id=24476, stack(0x00000086b2000000,0x00000086b2100000) (1024K)]
  0x000001a921c4c190 JavaThread "Compiler Class File Writer" daemon [_thread_blocked, id=8564, stack(0x00000086b2100000,0x00000086b2200000) (1024K)]
  0x000001a921c4c820 JavaThread "Compiler Class File Writer" daemon [_thread_blocked, id=22184, stack(0x00000086b2200000,0x00000086b2300000) (1024K)]
Total: 97

Other Threads:
  0x000001a8bf71e8c0 VMThread "VM Thread"                           [id=13148, stack(0x00000086ab300000,0x00000086ab400000) (1024K)]
  0x000001a8d428ca10 WatcherThread "VM Periodic Task Thread"        [id=19600, stack(0x00000086ab200000,0x00000086ab300000) (1024K)]
  0x000001a8bf67cef0 WorkerThread "GC Thread#0"                     [id=444, stack(0x00000086ab100000,0x00000086ab200000) (1024K)]
  0x000001a91d057b70 WorkerThread "GC Thread#1"                     [id=10024, stack(0x00000086ac200000,0x00000086ac300000) (1024K)]
  0x000001a91861e660 WorkerThread "GC Thread#2"                     [id=17424, stack(0x00000086ac300000,0x00000086ac400000) (1024K)]
  0x000001a918774890 WorkerThread "GC Thread#3"                     [id=13784, stack(0x00000086ac400000,0x00000086ac500000) (1024K)]
  0x000001a9188911f0 WorkerThread "GC Thread#4"                     [id=11540, stack(0x00000086ac500000,0x00000086ac600000) (1024K)]
  0x000001a918891590 WorkerThread "GC Thread#5"                     [id=7988, stack(0x00000086ac600000,0x00000086ac700000) (1024K)]
  0x000001a91d14f0b0 WorkerThread "GC Thread#6"                     [id=13608, stack(0x00000086ac800000,0x00000086ac900000) (1024K)]
  0x000001a91d14f450 WorkerThread "GC Thread#7"                     [id=25740, stack(0x00000086ac900000,0x00000086aca00000) (1024K)]
  0x000001a918583080 WorkerThread "GC Thread#8"                     [id=8372, stack(0x00000086ace00000,0x00000086acf00000) (1024K)]
  0x000001a918584640 WorkerThread "GC Thread#9"                     [id=17092, stack(0x00000086acf00000,0x00000086ad000000) (1024K)]
  0x000001a9185842a0 WorkerThread "GC Thread#10"                    [id=26508, stack(0x00000086ad000000,0x00000086ad100000) (1024K)]
  0x000001a918583420 WorkerThread "GC Thread#11"                    [id=12212, stack(0x00000086ad400000,0x00000086ad500000) (1024K)]
  0x000001a9185837c0 WorkerThread "GC Thread#12"                    [id=19736, stack(0x00000086ad500000,0x00000086ad600000) (1024K)]
Total: 15

Threads with active compile tasks:
C2 CompilerThread0  6506 10587   !   4       sun.nio.cs.StreamDecoder::read (78 bytes)
C2 CompilerThread1  6506 10600       4       sun.nio.cs.StreamDecoder::implRead (232 bytes)
C2 CompilerThread2  6506 10331       4       java.lang.invoke.MethodType::makeImpl (109 bytes)
Total: 3

VM state: not at safepoint (normal execution)

VM Mutex/Monitor currently owned by a thread: None

Heap address: 0x00000000c0000000, size: 1024 MB, Compressed Oops mode: 32-bit

CDS archive(s) mapped at: [0x000001a8d5000000-0x000001a8d5ba0000-0x000001a8d5ba0000), size 12189696, SharedBaseAddress: 0x000001a8d5000000, ArchiveRelocationMode: 1.
Compressed class space mapped at: 0x000001a8d6000000-0x000001a916000000, reserved size: 1073741824
Narrow klass base: 0x000001a8d5000000, Narrow klass shift: 0, Narrow klass range: 0x100000000

GC Precious Log:
 CardTable entry size: 512
 CPUs: 16 total, 16 available
 Memory: 16307M
 Large Page Support: Disabled
 NUMA Support: Disabled
 Compressed Oops: Enabled (32-bit)
 Alignments: Space 512K, Generation 512K, Heap 2M
 Heap Min Capacity: 100M
 Heap Initial Capacity: 100M
 Heap Max Capacity: 1G
 Pre-touch: Disabled
 Parallel Workers: 13

Heap:
 PSYoungGen      total 5120K, used 1790K [0x00000000eab00000, 0x00000000eb380000, 0x0000000100000000)
  eden space 4608K, 27% used [0x00000000eab00000,0x00000000eac3ff08,0x00000000eaf80000)
  from space 512K, 99% used [0x00000000eb280000,0x00000000eb2ff9d0,0x00000000eb300000)
  to   space 2048K, 0% used [0x00000000eaf80000,0x00000000eaf80000,0x00000000eb180000)
 ParOldGen       total 231936K, used 222604K [0x00000000c0000000, 0x00000000ce280000, 0x00000000eab00000)
  object space 231936K, 95% used [0x00000000c0000000,0x00000000cd963350,0x00000000ce280000)
 Metaspace       used 58907K, committed 60224K, reserved 1114112K
  class space    used 6010K, committed 6592K, reserved 1048576K

Card table byte_map: [0x000001a8d1c40000,0x000001a8d1e50000] _byte_map_base: 0x000001a8d1640000

Marking Bits: (ParMarkBitMap*) 0x00007ffcade12250
 Begin Bits: [0x000001a8d1fb0000, 0x000001a8d2fb0000)
 End Bits:   [0x000001a8d2fb0000, 0x000001a8d3fb0000)

Polling page: 0x000001a8bde30000

Metaspace:

Usage:
  Non-class:     51.66 MB used.
      Class:      5.87 MB used.
       Both:     57.53 MB used.

Virtual space:
  Non-class space:       64.00 MB reserved,      52.38 MB ( 82%) committed,  1 nodes.
      Class space:        1.00 GB reserved,       6.44 MB ( <1%) committed,  1 nodes.
             Both:        1.06 GB reserved,      58.81 MB (  5%) committed. 

Chunk freelists:
   Non-Class:  11.25 MB
       Class:  9.50 MB
        Both:  20.75 MB

MaxMetaspaceSize: unlimited
CompressedClassSpaceSize: 1.00 GB
Initial GC threshold: 21.00 MB
Current GC threshold: 97.31 MB
CDS: on
 - commit_granule_bytes: 65536.
 - commit_granule_words: 8192.
 - virtual_space_node_default_size: 8388608.
 - enlarge_chunks_in_place: 1.
 - use_allocation_guard: 0.


Internal statistics:

num_allocs_failed_limit: 9.
num_arena_births: 1090.
num_arena_deaths: 14.
num_vsnodes_births: 2.
num_vsnodes_deaths: 0.
num_space_committed: 941.
num_space_uncommitted: 0.
num_chunks_returned_to_freelist: 23.
num_chunks_taken_from_freelist: 3801.
num_chunk_merges: 12.
num_chunk_splits: 2357.
num_chunks_enlarged: 1369.
num_inconsistent_stats: 0.

CodeHeap 'non-profiled nmethods': size=119168Kb used=5133Kb max_used=5133Kb free=114034Kb
 bounds [0x000001a8ca600000, 0x000001a8cab10000, 0x000001a8d1a60000]
CodeHeap 'profiled nmethods': size=119104Kb used=21623Kb max_used=21623Kb free=97480Kb
 bounds [0x000001a8c2a60000, 0x000001a8c3f80000, 0x000001a8c9eb0000]
CodeHeap 'non-nmethods': size=7488Kb used=3106Kb max_used=3193Kb free=4382Kb
 bounds [0x000001a8c9eb0000, 0x000001a8ca1e0000, 0x000001a8ca600000]
 total_blobs=10501 nmethods=9776 adapters=627
 compilation: enabled
              stopped_count=0, restarted_count=0
 full_count=0

Compilation events (20 events):
Event: 6.401 Thread 0x000001a916e2fbc0 nmethod 10570 0x000001a8c3f53710 code [0x000001a8c3f53980, 0x000001a8c3f54470]
Event: 6.401 Thread 0x000001a916cb5030 10573       3       com.google.common.collect.SingletonImmutableSet::contains (9 bytes)
Event: 6.401 Thread 0x000001a916cb2980 10574       3       java.lang.StackTraceElement::of (39 bytes)
Event: 6.401 Thread 0x000001a916e2fbc0 10575       3       java.lang.StackTraceElement::of (30 bytes)
Event: 6.401 Thread 0x000001a916cb5030 nmethod 10573 0x000001a8c3f54890 code [0x000001a8c3f54a40, 0x000001a8c3f54c18]
Event: 6.401 Thread 0x000001a916e2fbc0 nmethod 10575 0x000001a8c3f54d10 code [0x000001a8c3f54ec0, 0x000001a8c3f550b0]
Event: 6.401 Thread 0x000001a916cb2980 nmethod 10574 0x000001a8c3f55210 code [0x000001a8c3f55400, 0x000001a8c3f55928]
Event: 6.402 Thread 0x000001a916b50890 10577   !   3       sun.nio.cs.StreamDecoder::read (78 bytes)
Event: 6.402 Thread 0x000001a916e2fbc0 10578       3       sun.nio.cs.StreamDecoder::implRead (232 bytes)
Event: 6.402 Thread 0x000001a916b50890 nmethod 10577 0x000001a8c3f55b10 code [0x000001a8c3f55da0, 0x000001a8c3f56bd8]
Event: 6.402 Thread 0x000001a916e2fbc0 nmethod 10578 0x000001a8c3f57110 code [0x000001a8c3f573c0, 0x000001a8c3f580e8]
Event: 6.403 Thread 0x000001a916b50890 10581 %     3       org.codehaus.plexus.util.xml.pull.MXParser::parseEndTag @ 66 (429 bytes)
Event: 6.403 Thread 0x000001a916cb2980 10583 %     3       org.codehaus.plexus.util.xml.pull.MXParser::isWhitespace @ 28 (114 bytes)
Event: 6.403 Thread 0x000001a916cb5030 10584       3       org.codehaus.plexus.util.xml.pull.MXParser::nextTag (82 bytes)
Event: 6.403 Thread 0x000001a916e2fbc0 10585       1       org.eclipse.sisu.plexus.PlexusTypeRegistry::getSpace (5 bytes)
Event: 6.403 Thread 0x000001a916e2fbc0 nmethod 10585 0x000001a8ca670810 code [0x000001a8ca6709a0, 0x000001a8ca670a68]
Event: 6.403 Thread 0x000001a916e2fbc0 10586 %     3       org.codehaus.plexus.util.xml.pull.MXParser::parseStartTag @ 81 (1190 bytes)
Event: 6.403 Thread 0x000001a916cb2980 nmethod 10583% 0x000001a8c3f58590 code [0x000001a8c3f587c0, 0x000001a8c3f59008]
Event: 6.404 Thread 0x000001a916cb5030 nmethod 10584 0x000001a8c3f59290 code [0x000001a8c3f59520, 0x000001a8c3f59db8]
Event: 6.404 Thread 0x000001a916cb5030 10588       3       org.codehaus.plexus.util.xml.pull.MXParser::isWhitespace (114 bytes)

GC Heap History (20 events):
Event: 6.352 GC heap after
{Heap after GC invocations=185 (full 3):
 PSYoungGen      total 2560K, used 745K [0x00000000eab00000, 0x00000000eae80000, 0x0000000100000000)
  eden space 1536K, 0% used [0x00000000eab00000,0x00000000eab00000,0x00000000eac80000)
  from space 1024K, 72% used [0x00000000ead80000,0x00000000eae3a638,0x00000000eae80000)
  to   space 1024K, 0% used [0x00000000eac80000,0x00000000eac80000,0x00000000ead80000)
 ParOldGen       total 231936K, used 209457K [0x00000000c0000000, 0x00000000ce280000, 0x00000000eab00000)
  object space 231936K, 90% used [0x00000000c0000000,0x00000000ccc8c718,0x00000000ce280000)
 Metaspace       used 58790K, committed 60160K, reserved 1114112K
  class space    used 6002K, committed 6592K, reserved 1048576K
}
Event: 6.353 GC heap before
{Heap before GC invocations=186 (full 3):
 PSYoungGen      total 2560K, used 2281K [0x00000000eab00000, 0x00000000eae80000, 0x0000000100000000)
  eden space 1536K, 100% used [0x00000000eab00000,0x00000000eac80000,0x00000000eac80000)
  from space 1024K, 72% used [0x00000000ead80000,0x00000000eae3a638,0x00000000eae80000)
  to   space 1024K, 0% used [0x00000000eac80000,0x00000000eac80000,0x00000000ead80000)
 ParOldGen       total 231936K, used 209457K [0x00000000c0000000, 0x00000000ce280000, 0x00000000eab00000)
  object space 231936K, 90% used [0x00000000c0000000,0x00000000ccc8c718,0x00000000ce280000)
 Metaspace       used 58790K, committed 60160K, reserved 1114112K
  class space    used 6002K, committed 6592K, reserved 1048576K
}
Event: 6.354 GC heap after
{Heap after GC invocations=186 (full 3):
 PSYoungGen      total 2560K, used 1019K [0x00000000eab00000, 0x00000000eb100000, 0x0000000100000000)
  eden space 1536K, 0% used [0x00000000eab00000,0x00000000eab00000,0x00000000eac80000)
  from space 1024K, 99% used [0x00000000eac80000,0x00000000ead7ee78,0x00000000ead80000)
  to   space 2048K, 0% used [0x00000000eaf00000,0x00000000eaf00000,0x00000000eb100000)
 ParOldGen       total 231936K, used 210164K [0x00000000c0000000, 0x00000000ce280000, 0x00000000eab00000)
  object space 231936K, 90% used [0x00000000c0000000,0x00000000ccd3d348,0x00000000ce280000)
 Metaspace       used 58790K, committed 60160K, reserved 1114112K
  class space    used 6002K, committed 6592K, reserved 1048576K
}
Event: 6.356 GC heap before
{Heap before GC invocations=187 (full 3):
 PSYoungGen      total 2560K, used 2433K [0x00000000eab00000, 0x00000000eb100000, 0x0000000100000000)
  eden space 1536K, 92% used [0x00000000eab00000,0x00000000eac617c0,0x00000000eac80000)
  from space 1024K, 99% used [0x00000000eac80000,0x00000000ead7ee78,0x00000000ead80000)
  to   space 2048K, 0% used [0x00000000eaf00000,0x00000000eaf00000,0x00000000eb100000)
 ParOldGen       total 231936K, used 210164K [0x00000000c0000000, 0x00000000ce280000, 0x00000000eab00000)
  object space 231936K, 90% used [0x00000000c0000000,0x00000000ccd3d348,0x00000000ce280000)
 Metaspace       used 58792K, committed 60160K, reserved 1114112K
  class space    used 6002K, committed 6592K, reserved 1048576K
}
Event: 6.356 GC heap after
{Heap after GC invocations=187 (full 3):
 PSYoungGen      total 3072K, used 582K [0x00000000eab00000, 0x00000000eb000000, 0x0000000100000000)
  eden space 2048K, 0% used [0x00000000eab00000,0x00000000eab00000,0x00000000ead00000)
  from space 1024K, 56% used [0x00000000eaf00000,0x00000000eaf919e8,0x00000000eb000000)
  to   space 1024K, 0% used [0x00000000eae00000,0x00000000eae00000,0x00000000eaf00000)
 ParOldGen       total 231936K, used 211100K [0x00000000c0000000, 0x00000000ce280000, 0x00000000eab00000)
  object space 231936K, 91% used [0x00000000c0000000,0x00000000cce27320,0x00000000ce280000)
 Metaspace       used 58792K, committed 60160K, reserved 1114112K
  class space    used 6002K, committed 6592K, reserved 1048576K
}
Event: 6.357 GC heap before
{Heap before GC invocations=188 (full 3):
 PSYoungGen      total 3072K, used 2630K [0x00000000eab00000, 0x00000000eb000000, 0x0000000100000000)
  eden space 2048K, 100% used [0x00000000eab00000,0x00000000ead00000,0x00000000ead00000)
  from space 1024K, 56% used [0x00000000eaf00000,0x00000000eaf919e8,0x00000000eb000000)
  to   space 1024K, 0% used [0x00000000eae00000,0x00000000eae00000,0x00000000eaf00000)
 ParOldGen       total 231936K, used 211100K [0x00000000c0000000, 0x00000000ce280000, 0x00000000eab00000)
  object space 231936K, 91% used [0x00000000c0000000,0x00000000cce27320,0x00000000ce280000)
 Metaspace       used 58792K, committed 60160K, reserved 1114112K
  class space    used 6002K, committed 6592K, reserved 1048576K
}
Event: 6.358 GC heap after
{Heap after GC invocations=188 (full 3):
 PSYoungGen      total 3584K, used 1009K [0x00000000eab00000, 0x00000000eb180000, 0x0000000100000000)
  eden space 2560K, 0% used [0x00000000eab00000,0x00000000eab00000,0x00000000ead80000)
  from space 1024K, 98% used [0x00000000eae00000,0x00000000eaefc7f8,0x00000000eaf00000)
  to   space 2048K, 0% used [0x00000000eaf80000,0x00000000eaf80000,0x00000000eb180000)
 ParOldGen       total 231936K, used 211676K [0x00000000c0000000, 0x00000000ce280000, 0x00000000eab00000)
  object space 231936K, 91% used [0x00000000c0000000,0x00000000cceb7178,0x00000000ce280000)
 Metaspace       used 58792K, committed 60160K, reserved 1114112K
  class space    used 6002K, committed 6592K, reserved 1048576K
}
Event: 6.359 GC heap before
{Heap before GC invocations=189 (full 3):
 PSYoungGen      total 3584K, used 3569K [0x00000000eab00000, 0x00000000eb180000, 0x0000000100000000)
  eden space 2560K, 100% used [0x00000000eab00000,0x00000000ead80000,0x00000000ead80000)
  from space 1024K, 98% used [0x00000000eae00000,0x00000000eaefc7f8,0x00000000eaf00000)
  to   space 2048K, 0% used [0x00000000eaf80000,0x00000000eaf80000,0x00000000eb180000)
 ParOldGen       total 231936K, used 211676K [0x00000000c0000000, 0x00000000ce280000, 0x00000000eab00000)
  object space 231936K, 91% used [0x00000000c0000000,0x00000000cceb7178,0x00000000ce280000)
 Metaspace       used 58792K, committed 60160K, reserved 1114112K
  class space    used 6002K, committed 6592K, reserved 1048576K
}
Event: 6.359 GC heap after
{Heap after GC invocations=189 (full 3):
 PSYoungGen      total 4096K, used 548K [0x00000000eab00000, 0x00000000eb080000, 0x0000000100000000)
  eden space 3072K, 0% used [0x00000000eab00000,0x00000000eab00000,0x00000000eae00000)
  from space 1024K, 53% used [0x00000000eaf80000,0x00000000eb009320,0x00000000eb080000)
  to   space 1024K, 0% used [0x00000000eae80000,0x00000000eae80000,0x00000000eaf80000)
 ParOldGen       total 231936K, used 212611K [0x00000000c0000000, 0x00000000ce280000, 0x00000000eab00000)
  object space 231936K, 91% used [0x00000000c0000000,0x00000000ccfa0c20,0x00000000ce280000)
 Metaspace       used 58792K, committed 60160K, reserved 1114112K
  class space    used 6002K, committed 6592K, reserved 1048576K
}
Event: 6.363 GC heap before
{Heap before GC invocations=190 (full 3):
 PSYoungGen      total 4096K, used 3620K [0x00000000eab00000, 0x00000000eb080000, 0x0000000100000000)
  eden space 3072K, 100% used [0x00000000eab00000,0x00000000eae00000,0x00000000eae00000)
  from space 1024K, 53% used [0x00000000eaf80000,0x00000000eb009320,0x00000000eb080000)
  to   space 1024K, 0% used [0x00000000eae80000,0x00000000eae80000,0x00000000eaf80000)
 ParOldGen       total 231936K, used 212611K [0x00000000c0000000, 0x00000000ce280000, 0x00000000eab00000)
  object space 231936K, 91% used [0x00000000c0000000,0x00000000ccfa0c20,0x00000000ce280000)
 Metaspace       used 58792K, committed 60160K, reserved 1114112K
  class space    used 6002K, committed 6592K, reserved 1048576K
}
Event: 6.364 GC heap after
{Heap after GC invocations=190 (full 3):
 PSYoungGen      total 4608K, used 995K [0x00000000eab00000, 0x00000000eb300000, 0x0000000100000000)
  eden space 3584K, 0% used [0x00000000eab00000,0x00000000eab00000,0x00000000eae80000)
  from space 1024K, 97% used [0x00000000eae80000,0x00000000eaf78d38,0x00000000eaf80000)
  to   space 2048K, 0% used [0x00000000eb100000,0x00000000eb100000,0x00000000eb300000)
 ParOldGen       total 231936K, used 213320K [0x00000000c0000000, 0x00000000ce280000, 0x00000000eab00000)
  object space 231936K, 91% used [0x00000000c0000000,0x00000000cd052180,0x00000000ce280000)
 Metaspace       used 58792K, committed 60160K, reserved 1114112K
  class space    used 6002K, committed 6592K, reserved 1048576K
}
Event: 6.367 GC heap before
{Heap before GC invocations=191 (full 3):
 PSYoungGen      total 4608K, used 4579K [0x00000000eab00000, 0x00000000eb300000, 0x0000000100000000)
  eden space 3584K, 100% used [0x00000000eab00000,0x00000000eae80000,0x00000000eae80000)
  from space 1024K, 97% used [0x00000000eae80000,0x00000000eaf78d38,0x00000000eaf80000)
  to   space 2048K, 0% used [0x00000000eb100000,0x00000000eb100000,0x00000000eb300000)
 ParOldGen       total 231936K, used 213320K [0x00000000c0000000, 0x00000000ce280000, 0x00000000eab00000)
  object space 231936K, 91% used [0x00000000c0000000,0x00000000cd052180,0x00000000ce280000)
 Metaspace       used 58792K, committed 60160K, reserved 1114112K
  class space    used 6002K, committed 6592K, reserved 1048576K
}
Event: 6.368 GC heap after
{Heap after GC invocations=191 (full 3):
 PSYoungGen      total 6144K, used 1308K [0x00000000eab00000, 0x00000000eb280000, 0x0000000100000000)
  eden space 4608K, 0% used [0x00000000eab00000,0x00000000eab00000,0x00000000eaf80000)
  from space 1536K, 85% used [0x00000000eb100000,0x00000000eb247380,0x00000000eb280000)
  to   space 1536K, 0% used [0x00000000eaf80000,0x00000000eaf80000,0x00000000eb100000)
 ParOldGen       total 231936K, used 214208K [0x00000000c0000000, 0x00000000ce280000, 0x00000000eab00000)
  object space 231936K, 92% used [0x00000000c0000000,0x00000000cd130068,0x00000000ce280000)
 Metaspace       used 58792K, committed 60160K, reserved 1114112K
  class space    used 6002K, committed 6592K, reserved 1048576K
}
Event: 6.376 GC heap before
{Heap before GC invocations=192 (full 3):
 PSYoungGen      total 6144K, used 5916K [0x00000000eab00000, 0x00000000eb280000, 0x0000000100000000)
  eden space 4608K, 100% used [0x00000000eab00000,0x00000000eaf80000,0x00000000eaf80000)
  from space 1536K, 85% used [0x00000000eb100000,0x00000000eb247380,0x00000000eb280000)
  to   space 1536K, 0% used [0x00000000eaf80000,0x00000000eaf80000,0x00000000eb100000)
 ParOldGen       total 231936K, used 214208K [0x00000000c0000000, 0x00000000ce280000, 0x00000000eab00000)
  object space 231936K, 92% used [0x00000000c0000000,0x00000000cd130068,0x00000000ce280000)
 Metaspace       used 58796K, committed 60160K, reserved 1114112K
  class space    used 6002K, committed 6592K, reserved 1048576K
}
Event: 6.377 GC heap after
{Heap after GC invocations=192 (full 3):
 PSYoungGen      total 6144K, used 1509K [0x00000000eab00000, 0x00000000eb780000, 0x0000000100000000)
  eden space 4608K, 0% used [0x00000000eab00000,0x00000000eab00000,0x00000000eaf80000)
  from space 1536K, 98% used [0x00000000eaf80000,0x00000000eb0f9508,0x00000000eb100000)
  to   space 3584K, 0% used [0x00000000eb400000,0x00000000eb400000,0x00000000eb780000)
 ParOldGen       total 231936K, used 215591K [0x00000000c0000000, 0x00000000ce280000, 0x00000000eab00000)
  object space 231936K, 92% used [0x00000000c0000000,0x00000000cd289fd8,0x00000000ce280000)
 Metaspace       used 58796K, committed 60160K, reserved 1114112K
  class space    used 6002K, committed 6592K, reserved 1048576K
}
Event: 6.386 GC heap before
{Heap before GC invocations=193 (full 3):
 PSYoungGen      total 6144K, used 6117K [0x00000000eab00000, 0x00000000eb780000, 0x0000000100000000)
  eden space 4608K, 100% used [0x00000000eab00000,0x00000000eaf80000,0x00000000eaf80000)
  from space 1536K, 98% used [0x00000000eaf80000,0x00000000eb0f9508,0x00000000eb100000)
  to   space 3584K, 0% used [0x00000000eb400000,0x00000000eb400000,0x00000000eb780000)
 ParOldGen       total 231936K, used 215591K [0x00000000c0000000, 0x00000000ce280000, 0x00000000eab00000)
  object space 231936K, 92% used [0x00000000c0000000,0x00000000cd289fd8,0x00000000ce280000)
 Metaspace       used 58805K, committed 60160K, reserved 1114112K
  class space    used 6002K, committed 6592K, reserved 1048576K
}
Event: 6.387 GC heap after
{Heap after GC invocations=193 (full 3):
 PSYoungGen      total 6144K, used 1319K [0x00000000eab00000, 0x00000000eb580000, 0x0000000100000000)
  eden space 4608K, 0% used [0x00000000eab00000,0x00000000eab00000,0x00000000eaf80000)
  from space 1536K, 85% used [0x00000000eb400000,0x00000000eb549fe0,0x00000000eb580000)
  to   space 2048K, 0% used [0x00000000eb180000,0x00000000eb180000,0x00000000eb380000)
 ParOldGen       total 231936K, used 217074K [0x00000000c0000000, 0x00000000ce280000, 0x00000000eab00000)
  object space 231936K, 93% used [0x00000000c0000000,0x00000000cd3fc948,0x00000000ce280000)
 Metaspace       used 58805K, committed 60160K, reserved 1114112K
  class space    used 6002K, committed 6592K, reserved 1048576K
}
Event: 6.395 GC heap before
{Heap before GC invocations=194 (full 3):
 PSYoungGen      total 6144K, used 5927K [0x00000000eab00000, 0x00000000eb580000, 0x0000000100000000)
  eden space 4608K, 100% used [0x00000000eab00000,0x00000000eaf80000,0x00000000eaf80000)
  from space 1536K, 85% used [0x00000000eb400000,0x00000000eb549fe0,0x00000000eb580000)
  to   space 2048K, 0% used [0x00000000eb180000,0x00000000eb180000,0x00000000eb380000)
 ParOldGen       total 231936K, used 217074K [0x00000000c0000000, 0x00000000ce280000, 0x00000000eab00000)
  object space 231936K, 93% used [0x00000000c0000000,0x00000000cd3fc948,0x00000000ce280000)
 Metaspace       used 58886K, committed 60224K, reserved 1114112K
  class space    used 6010K, committed 6592K, reserved 1048576K
}
Event: 6.396 GC heap after
{Heap after GC invocations=194 (full 3):
 PSYoungGen      total 6144K, used 1120K [0x00000000eab00000, 0x00000000eb480000, 0x0000000100000000)
  eden space 4608K, 0% used [0x00000000eab00000,0x00000000eab00000,0x00000000eaf80000)
  from space 1536K, 72% used [0x00000000eb180000,0x00000000eb298000,0x00000000eb300000)
  to   space 1536K, 0% used [0x00000000eb300000,0x00000000eb300000,0x00000000eb480000)
 ParOldGen       total 231936K, used 218174K [0x00000000c0000000, 0x00000000ce280000, 0x00000000eab00000)
  object space 231936K, 94% used [0x00000000c0000000,0x00000000cd50f940,0x00000000ce280000)
 Metaspace       used 58886K, committed 60224K, reserved 1114112K
  class space    used 6010K, committed 6592K, reserved 1048576K
}
Event: 6.404 GC heap before
{Heap before GC invocations=195 (full 3):
 PSYoungGen      total 6144K, used 5728K [0x00000000eab00000, 0x00000000eb480000, 0x0000000100000000)
  eden space 4608K, 100% used [0x00000000eab00000,0x00000000eaf80000,0x00000000eaf80000)
  from space 1536K, 72% used [0x00000000eb180000,0x00000000eb298000,0x00000000eb300000)
  to   space 1536K, 0% used [0x00000000eb300000,0x00000000eb300000,0x00000000eb480000)
 ParOldGen       total 231936K, used 218174K [0x00000000c0000000, 0x00000000ce280000, 0x00000000eab00000)
  object space 231936K, 94% used [0x00000000c0000000,0x00000000cd50f940,0x00000000ce280000)
 Metaspace       used 58895K, committed 60224K, reserved 1114112K
  class space    used 6010K, committed 6592K, reserved 1048576K
}

Dll operation events (10 events):
Event: 0.009 Loaded shared library c:\Users\josek\.vscode\extensions\redhat.java-1.39.0-win32-x64\jre\21.0.5-win32-x86_64\bin\java.dll
Event: 0.056 Loaded shared library c:\Users\josek\.vscode\extensions\redhat.java-1.39.0-win32-x64\jre\21.0.5-win32-x86_64\bin\zip.dll
Event: 0.071 Loaded shared library C:\Users\josek\.vscode\extensions\redhat.java-1.39.0-win32-x64\jre\21.0.5-win32-x86_64\bin\instrument.dll
Event: 0.074 Loaded shared library C:\Users\josek\.vscode\extensions\redhat.java-1.39.0-win32-x64\jre\21.0.5-win32-x86_64\bin\net.dll
Event: 0.076 Loaded shared library C:\Users\josek\.vscode\extensions\redhat.java-1.39.0-win32-x64\jre\21.0.5-win32-x86_64\bin\nio.dll
Event: 0.079 Loaded shared library C:\Users\josek\.vscode\extensions\redhat.java-1.39.0-win32-x64\jre\21.0.5-win32-x86_64\bin\zip.dll
Event: 0.092 Loaded shared library C:\Users\josek\.vscode\extensions\redhat.java-1.39.0-win32-x64\jre\21.0.5-win32-x86_64\bin\jimage.dll
Event: 0.139 Loaded shared library c:\Users\josek\.vscode\extensions\redhat.java-1.39.0-win32-x64\jre\21.0.5-win32-x86_64\bin\verify.dll
Event: 0.812 Loaded shared library C:\Users\josek\AppData\Roaming\Code\User\globalStorage\redhat.java\1.39.0\config_win\org.eclipse.equinox.launcher\org.eclipse.equinox.launcher.win32.win32.x86_64_1.2.1100.v20240722-2106\eclipse_11904.dll
Event: 2.108 Loaded shared library C:\Users\josek\AppData\Local\Temp\jna-72273521\jna13822784664179813891.dll

Deoptimization events (20 events):
Event: 6.341 Thread 0x000001a91d2e1cb0 DEOPT PACKING pc=0x000001a8caa3d8e4 sp=0x00000086adefe530
Event: 6.341 Thread 0x000001a91d2e1cb0 DEOPT UNPACKING pc=0x000001a8c9f03aa2 sp=0x00000086adefe4e0 mode 2
Event: 6.377 Thread 0x000001a91d2e1cb0 DEOPT PACKING pc=0x000001a8c3c373ad sp=0x00000086adefca80
Event: 6.377 Thread 0x000001a91d2e1cb0 DEOPT UNPACKING pc=0x000001a8c9f04242 sp=0x00000086adefc0d0 mode 0
Event: 6.378 Thread 0x000001a91d2e1cb0 Uncommon trap: trap_request=0xffffffd6 fr.pc=0x000001a8ca65a1ec relative=0x000000000000048c
Event: 6.378 Thread 0x000001a91d2e1cb0 Uncommon trap: reason=array_check action=maybe_recompile pc=0x000001a8ca65a1ec method=java.util.TimSort.binarySort([Ljava/lang/Object;IIILjava/util/Comparator;)V @ 215 c2
Event: 6.378 Thread 0x000001a91d2e1cb0 DEOPT PACKING pc=0x000001a8ca65a1ec sp=0x00000086adefcf00
Event: 6.378 Thread 0x000001a91d2e1cb0 DEOPT UNPACKING pc=0x000001a8c9f03aa2 sp=0x00000086adefce98 mode 2
Event: 6.379 Thread 0x000001a91d2e1cb0 Uncommon trap: trap_request=0xffffffd6 fr.pc=0x000001a8ca65a3f4 relative=0x0000000000000694
Event: 6.379 Thread 0x000001a91d2e1cb0 Uncommon trap: reason=array_check action=maybe_recompile pc=0x000001a8ca65a3f4 method=java.util.TimSort.binarySort([Ljava/lang/Object;IIILjava/util/Comparator;)V @ 183 c2
Event: 6.379 Thread 0x000001a91d2e1cb0 DEOPT PACKING pc=0x000001a8ca65a3f4 sp=0x00000086adefe130
Event: 6.379 Thread 0x000001a91d2e1cb0 DEOPT UNPACKING pc=0x000001a8c9f03aa2 sp=0x00000086adefe0c8 mode 2
Event: 6.382 Thread 0x000001a921c4a0c0 Uncommon trap: trap_request=0xffffffd6 fr.pc=0x000001a8ca65a3f4 relative=0x0000000000000694
Event: 6.382 Thread 0x000001a921c4a0c0 Uncommon trap: reason=array_check action=maybe_recompile pc=0x000001a8ca65a3f4 method=java.util.TimSort.binarySort([Ljava/lang/Object;IIILjava/util/Comparator;)V @ 183 c2
Event: 6.382 Thread 0x000001a921c4a0c0 DEOPT PACKING pc=0x000001a8ca65a3f4 sp=0x00000086b14fe6f0
Event: 6.382 Thread 0x000001a921c4a0c0 DEOPT UNPACKING pc=0x000001a8c9f03aa2 sp=0x00000086b14fe688 mode 2
Event: 6.399 Thread 0x000001a91d2e1cb0 Uncommon trap: trap_request=0xffffff45 fr.pc=0x000001a8ca894f8c relative=0x0000000000000a6c
Event: 6.399 Thread 0x000001a91d2e1cb0 Uncommon trap: reason=unstable_if action=reinterpret pc=0x000001a8ca894f8c method=sun.nio.cs.StreamDecoder.implRead([CII)I @ 36 c2
Event: 6.399 Thread 0x000001a91d2e1cb0 DEOPT PACKING pc=0x000001a8ca894f8c sp=0x00000086adefe340
Event: 6.399 Thread 0x000001a91d2e1cb0 DEOPT UNPACKING pc=0x000001a8c9f03aa2 sp=0x00000086adefe2e0 mode 2

Classes loaded (20 events):
Event: 6.065 Loading class java/util/stream/ReferencePipeline$4
Event: 6.065 Loading class java/util/stream/IntPipeline$StatelessOp
Event: 6.065 Loading class java/util/stream/IntPipeline
Event: 6.065 Loading class java/util/stream/IntStream
Event: 6.066 Loading class java/util/stream/IntStream done
Event: 6.066 Loading class java/util/stream/IntPipeline done
Event: 6.066 Loading class java/util/stream/IntPipeline$StatelessOp done
Event: 6.066 Loading class java/util/stream/ReferencePipeline$4 done
Event: 6.066 Loading class java/util/stream/Nodes$IntFixedNodeBuilder
Event: 6.066 Loading class java/util/stream/Node$Builder$OfInt
Event: 6.066 Loading class java/util/stream/Sink$OfInt
Event: 6.066 Loading class java/util/stream/Sink$OfInt done
Event: 6.066 Loading class java/util/stream/Node$Builder$OfInt done
Event: 6.066 Loading class java/util/stream/Nodes$IntArrayNode
Event: 6.066 Loading class java/util/stream/Nodes$IntArrayNode done
Event: 6.066 Loading class java/util/stream/Nodes$IntFixedNodeBuilder done
Event: 6.066 Loading class java/util/stream/ReferencePipeline$4$1
Event: 6.066 Loading class java/util/stream/ReferencePipeline$4$1 done
Event: 6.382 Loading class jdk/internal/module/IllegalAccessLogger
Event: 6.382 Loading class jdk/internal/module/IllegalAccessLogger done

Classes unloaded (7 events):
Event: 2.471 Thread 0x000001a8bf71e8c0 Unloading class 0x000001a8d619cc00 'java/lang/invoke/LambdaForm$MH+0x000001a8d619cc00'
Event: 2.471 Thread 0x000001a8bf71e8c0 Unloading class 0x000001a8d619c800 'java/lang/invoke/LambdaForm$MH+0x000001a8d619c800'
Event: 2.471 Thread 0x000001a8bf71e8c0 Unloading class 0x000001a8d619c400 'java/lang/invoke/LambdaForm$MH+0x000001a8d619c400'
Event: 2.471 Thread 0x000001a8bf71e8c0 Unloading class 0x000001a8d619c000 'java/lang/invoke/LambdaForm$MH+0x000001a8d619c000'
Event: 2.471 Thread 0x000001a8bf71e8c0 Unloading class 0x000001a8d619bc00 'java/lang/invoke/LambdaForm$BMH+0x000001a8d619bc00'
Event: 2.471 Thread 0x000001a8bf71e8c0 Unloading class 0x000001a8d619b800 'java/lang/invoke/LambdaForm$DMH+0x000001a8d619b800'
Event: 2.471 Thread 0x000001a8bf71e8c0 Unloading class 0x000001a8d619a400 'java/lang/invoke/LambdaForm$DMH+0x000001a8d619a400'

Classes redefined (0 events):
No events

Internal exceptions (20 events):
Event: 4.883 Thread 0x000001a9209c5d00 Exception <a 'sun/nio/fs/WindowsException'{0x00000000eac1b330}> (0x00000000eac1b330) 
thrown [s\src\hotspot\share\prims\jni.cpp, line 520]
Event: 4.883 Thread 0x000001a9209c6390 Exception <a 'sun/nio/fs/WindowsException'{0x00000000eac6ff10}> (0x00000000eac6ff10) 
thrown [s\src\hotspot\share\prims\jni.cpp, line 520]
Event: 4.883 Thread 0x000001a920cd4180 Exception <a 'sun/nio/fs/WindowsException'{0x00000000eac852e0}> (0x00000000eac852e0) 
thrown [s\src\hotspot\share\prims\jni.cpp, line 520]
Event: 4.884 Thread 0x000001a920cd1390 Exception <a 'sun/nio/fs/WindowsException'{0x00000000eacd4088}> (0x00000000eacd4088) 
thrown [s\src\hotspot\share\prims\jni.cpp, line 520]
Event: 4.886 Thread 0x000001a9209c5d00 Exception <a 'sun/nio/fs/WindowsException'{0x00000000eac1d3d0}> (0x00000000eac1d3d0) 
thrown [s\src\hotspot\share\prims\jni.cpp, line 520]
Event: 4.887 Thread 0x000001a920cd1a20 Exception <a 'sun/nio/fs/WindowsException'{0x00000000eac7ad40}> (0x00000000eac7ad40) 
thrown [s\src\hotspot\share\prims\jni.cpp, line 520]
Event: 5.132 Thread 0x000001a91d2e0f90 Implicit null exception at 0x000001a8ca995f78 to 0x000001a8ca99b4e0
Event: 5.603 Thread 0x000001a91d2e1cb0 Exception <a 'java/lang/NoSuchMethodError'{0x00000000eacad648}: 'java.lang.Object java.lang.invoke.DirectMethodHandle$Holder.invokeStatic(java.lang.Object, java.lang.Object, int, int)'> (0x00000000eacad648) 
thrown [s\src\hotspot\share\interpreter\linkResolver.cpp, line 773]
Event: 5.603 Thread 0x000001a91d2e1cb0 Exception <a 'java/lang/NoSuchMethodError'{0x00000000eacd31c8}: 'java.lang.Object java.lang.invoke.DirectMethodHandle$Holder.invokeSpecial(java.lang.Object, java.lang.Object, java.lang.Object, int, int)'> (0x00000000eacd31c8) 
thrown [s\src\hotspot\share\interpreter\linkResolver.cpp, line 773]
Event: 5.637 Thread 0x000001a91d2e1cb0 Exception <a 'java/lang/NoSuchMethodError'{0x00000000eae35668}: 'int java.lang.invoke.DirectMethodHandle$Holder.invokeSpecialIFC(java.lang.Object, java.lang.Object, java.lang.Object)'> (0x00000000eae35668) 
thrown [s\src\hotspot\share\interpreter\linkResolver.cpp, line 773]
Event: 5.641 Thread 0x000001a91d2e1cb0 Implicit null exception at 0x000001a8ca642fc6 to 0x000001a8ca64300f
Event: 5.879 Thread 0x000001a921c4a0c0 Exception <a 'java/lang/NoSuchMethodError'{0x00000000eadd5768}: 'void java.lang.invoke.DirectMethodHandle$Holder.invokeStatic(java.lang.Object, int, java.lang.Object)'> (0x00000000eadd5768) 
thrown [s\src\hotspot\share\interpreter\linkResolver.cpp, line 773]
Event: 5.902 Thread 0x000001a91d2e1cb0 Exception <a 'java/lang/NoSuchMethodError'{0x00000000eab028d8}: 'java.lang.Object java.lang.invoke.DirectMethodHandle$Holder.newInvokeSpecial(java.lang.Object, java.lang.Object, int, int, java.lang.Object)'> (0x00000000eab028d8) 
thrown [s\src\hotspot\share\interpreter\linkResolver.cpp, line 773]
Event: 6.144 Thread 0x000001a921c4a0c0 Exception <a 'java/lang/NoSuchMethodError'{0x00000000eacb27a0}: 'java.lang.Object java.lang.invoke.DirectMethodHandle$Holder.newInvokeSpecial(java.lang.Object, java.lang.Object, java.lang.Object, java.lang.Object, int)'> (0x00000000eacb27a0) 
thrown [s\src\hotspot\share\interpreter\linkResolver.cpp, line 773]
Event: 6.144 Thread 0x000001a921c4a0c0 Exception <a 'java/lang/NoSuchMethodError'{0x00000000eace5bb8}: 'java.lang.Object java.lang.invoke.DirectMethodHandle$Holder.invokeSpecial(java.lang.Object, java.lang.Object, java.lang.Object, java.lang.Object, java.lang.Object, int)'> (0x00000000eace5bb8) 
thrown [s\src\hotspot\share\interpreter\linkResolver.cpp, line 773]
Event: 6.144 Thread 0x000001a921c4a0c0 Exception <a 'java/lang/NoSuchMethodError'{0x00000000ead1eb90}: 'java.lang.Object java.lang.invoke.Invokers$Holder.linkToTargetMethod(java.lang.Object, java.lang.Object, java.lang.Object, int, java.lang.Object)'> (0x00000000ead1eb90) 
thrown [s\src\hotspot\share\interpreter\linkResolver.cpp, line 773]
Event: 6.334 Thread 0x000001a91d2e1cb0 Exception <a 'sun/nio/fs/WindowsException'{0x00000000eab85820}> (0x00000000eab85820) 
thrown [s\src\hotspot\share\prims\jni.cpp, line 520]
Event: 6.335 Thread 0x000001a9209c2880 Exception <a 'sun/nio/fs/WindowsException'{0x00000000eabe0f50}> (0x00000000eabe0f50) 
thrown [s\src\hotspot\share\prims\jni.cpp, line 520]
Event: 6.389 Thread 0x000001a91d2e1cb0 Exception <a 'sun/nio/fs/WindowsException'{0x00000000eab43970}> (0x00000000eab43970) 
thrown [s\src\hotspot\share\prims\jni.cpp, line 520]
Event: 6.389 Thread 0x000001a91d2e1cb0 Exception <a 'sun/nio/fs/WindowsException'{0x00000000eab43fa0}> (0x00000000eab43fa0) 
thrown [s\src\hotspot\share\prims\jni.cpp, line 520]

ZGC Phase Switch (0 events):
No events

VM Operations (20 events):
Event: 6.352 Executing VM operation: ParallelGCFailedAllocation (Allocation Failure) done
Event: 6.353 Executing VM operation: ParallelGCFailedAllocation (Allocation Failure)
Event: 6.354 Executing VM operation: ParallelGCFailedAllocation (Allocation Failure) done
Event: 6.356 Executing VM operation: ParallelGCFailedAllocation (Allocation Failure)
Event: 6.356 Executing VM operation: ParallelGCFailedAllocation (Allocation Failure) done
Event: 6.357 Executing VM operation: ParallelGCFailedAllocation (Allocation Failure)
Event: 6.358 Executing VM operation: ParallelGCFailedAllocation (Allocation Failure) done
Event: 6.359 Executing VM operation: ParallelGCFailedAllocation (Allocation Failure)
Event: 6.359 Executing VM operation: ParallelGCFailedAllocation (Allocation Failure) done
Event: 6.363 Executing VM operation: ParallelGCFailedAllocation (Allocation Failure)
Event: 6.364 Executing VM operation: ParallelGCFailedAllocation (Allocation Failure) done
Event: 6.367 Executing VM operation: ParallelGCFailedAllocation (Allocation Failure)
Event: 6.368 Executing VM operation: ParallelGCFailedAllocation (Allocation Failure) done
Event: 6.376 Executing VM operation: ParallelGCFailedAllocation (Allocation Failure)
Event: 6.377 Executing VM operation: ParallelGCFailedAllocation (Allocation Failure) done
Event: 6.386 Executing VM operation: ParallelGCFailedAllocation (Allocation Failure)
Event: 6.387 Executing VM operation: ParallelGCFailedAllocation (Allocation Failure) done
Event: 6.395 Executing VM operation: ParallelGCFailedAllocation (Allocation Failure)
Event: 6.396 Executing VM operation: ParallelGCFailedAllocation (Allocation Failure) done
Event: 6.404 Executing VM operation: ParallelGCFailedAllocation (Allocation Failure)

Memory protections (0 events):
No events

Nmethod flushes (20 events):
Event: 6.189 Thread 0x000001a8bf71e8c0 flushing  nmethod 0x000001a8c33b8810
Event: 6.189 Thread 0x000001a8bf71e8c0 flushing osr nmethod 0x000001a8c33c3b10
Event: 6.189 Thread 0x000001a8bf71e8c0 flushing osr nmethod 0x000001a8c33cb290
Event: 6.189 Thread 0x000001a8bf71e8c0 flushing osr nmethod 0x000001a8c33fd610
Event: 6.189 Thread 0x000001a8bf71e8c0 flushing  nmethod 0x000001a8c3419c10
Event: 6.189 Thread 0x000001a8bf71e8c0 flushing  nmethod 0x000001a8c342be90
Event: 6.189 Thread 0x000001a8bf71e8c0 flushing  nmethod 0x000001a8c3431790
Event: 6.189 Thread 0x000001a8bf71e8c0 flushing  nmethod 0x000001a8c3432290
Event: 6.189 Thread 0x000001a8bf71e8c0 flushing  nmethod 0x000001a8c3445090
Event: 6.189 Thread 0x000001a8bf71e8c0 flushing  nmethod 0x000001a8c3445690
Event: 6.189 Thread 0x000001a8bf71e8c0 flushing  nmethod 0x000001a8c3446610
Event: 6.189 Thread 0x000001a8bf71e8c0 flushing  nmethod 0x000001a8c3446e90
Event: 6.189 Thread 0x000001a8bf71e8c0 flushing  nmethod 0x000001a8c3447490
Event: 6.189 Thread 0x000001a8bf71e8c0 flushing  nmethod 0x000001a8c344a690
Event: 6.189 Thread 0x000001a8bf71e8c0 flushing  nmethod 0x000001a8c3478f90
Event: 6.189 Thread 0x000001a8bf71e8c0 flushing  nmethod 0x000001a8c34a9590
Event: 6.189 Thread 0x000001a8bf71e8c0 flushing  nmethod 0x000001a8c34dd310
Event: 6.189 Thread 0x000001a8bf71e8c0 flushing  nmethod 0x000001a8c34e8c90
Event: 6.189 Thread 0x000001a8bf71e8c0 flushing  nmethod 0x000001a8c356e890
Event: 6.189 Thread 0x000001a8bf71e8c0 flushing  nmethod 0x000001a8c35a5c10

Events (20 events):
Event: 4.923 Thread 0x000001a920cd20b0 Thread added: 0x000001a920cd68e0
Event: 4.923 Thread 0x000001a920cd4ea0 Thread added: 0x000001a920cd7c90
Event: 4.924 Thread 0x000001a920cd68e0 Thread added: 0x000001a920cd6f70
Event: 4.924 Thread 0x000001a920cd2dd0 Thread added: 0x000001a920cd7600
Event: 4.924 Thread 0x000001a920cd6f70 Thread added: 0x000001a920cd4810
Event: 5.845 Thread 0x000001a91d2e1cb0 Thread added: 0x000001a921c4a0c0
Event: 5.903 Thread 0x000001a91d2e1cb0 Thread added: 0x000001a921c48680
Event: 5.922 Thread 0x000001a91d2e1cb0 Thread added: 0x000001a921c48d10
Event: 5.929 Thread 0x000001a91d2e1cb0 Thread added: 0x000001a921c493a0
Event: 5.933 Thread 0x000001a91d2e1cb0 Thread added: 0x000001a921c4a750
Event: 5.936 Thread 0x000001a91d2e1cb0 Thread added: 0x000001a921c472d0
Event: 5.942 Thread 0x000001a91d2e1cb0 Thread added: 0x000001a921c4ceb0
Event: 5.947 Thread 0x000001a91d2e1cb0 Thread added: 0x000001a921c4e260
Event: 5.975 Thread 0x000001a91d2e1cb0 Thread added: 0x000001a921c4bb00
Event: 5.978 Thread 0x000001a91d2e1cb0 Thread added: 0x000001a921c4b470
Event: 5.980 Thread 0x000001a91d2e1cb0 Thread added: 0x000001a921c4d540
Event: 5.984 Thread 0x000001a91d2e1cb0 Thread added: 0x000001a921c4dbd0
Event: 5.985 Thread 0x000001a91d2e1cb0 Thread added: 0x000001a921c4ade0
Event: 5.987 Thread 0x000001a91d2e1cb0 Thread added: 0x000001a921c4c190
Event: 5.992 Thread 0x000001a91d2e1cb0 Thread added: 0x000001a921c4c820


Dynamic libraries:
0x00007ff64b620000 - 0x00007ff64b62e000 	c:\Users\josek\.vscode\extensions\redhat.java-1.39.0-win32-x64\jre\21.0.5-win32-x86_64\bin\java.exe
0x00007ffd42360000 - 0x00007ffd425c3000 	C:\WINDOWS\SYSTEM32\ntdll.dll
0x00007ffd40ad0000 - 0x00007ffd40b98000 	C:\WINDOWS\System32\KERNEL32.DLL
0x00007ffd3f730000 - 0x00007ffd3fae2000 	C:\WINDOWS\System32\KERNELBASE.dll
0x00007ffd3faf0000 - 0x00007ffd3fc3b000 	C:\WINDOWS\System32\ucrtbase.dll
0x00007ffd30180000 - 0x00007ffd3019e000 	c:\Users\josek\.vscode\extensions\redhat.java-1.39.0-win32-x64\jre\21.0.5-win32-x86_64\bin\VCRUNTIME140.dll
0x00007ffd30b10000 - 0x00007ffd30b28000 	c:\Users\josek\.vscode\extensions\redhat.java-1.39.0-win32-x64\jre\21.0.5-win32-x86_64\bin\jli.dll
0x00007ffd41ea0000 - 0x00007ffd42068000 	C:\WINDOWS\System32\USER32.dll
0x00007ffd3fd70000 - 0x00007ffd3fd97000 	C:\WINDOWS\System32\win32u.dll
0x00007ffd26d60000 - 0x00007ffd26ff0000 	C:\WINDOWS\WinSxS\amd64_microsoft.windows.common-controls_6595b64144ccf1df_6.0.26100.2454_none_3e0b68a2e331ad60\COMCTL32.dll
0x00007ffd41990000 - 0x00007ffd419ba000 	C:\WINDOWS\System32\GDI32.dll
0x00007ffd401c0000 - 0x00007ffd40269000 	C:\WINDOWS\System32\msvcrt.dll
0x00007ffd3fc40000 - 0x00007ffd3fd6b000 	C:\WINDOWS\System32\gdi32full.dll
0x00007ffd40110000 - 0x00007ffd401b3000 	C:\WINDOWS\System32\msvcp_win.dll
0x00007ffd40270000 - 0x00007ffd4029f000 	C:\WINDOWS\System32\IMM32.DLL
0x00007ffd3bee0000 - 0x00007ffd3beec000 	c:\Users\josek\.vscode\extensions\redhat.java-1.39.0-win32-x64\jre\21.0.5-win32-x86_64\bin\vcruntime140_1.dll
0x00007ffcffe70000 - 0x00007ffcffefd000 	c:\Users\josek\.vscode\extensions\redhat.java-1.39.0-win32-x64\jre\21.0.5-win32-x86_64\bin\msvcp140.dll
0x00007ffcad160000 - 0x00007ffcadeef000 	c:\Users\josek\.vscode\extensions\redhat.java-1.39.0-win32-x64\jre\21.0.5-win32-x86_64\bin\server\jvm.dll
0x00007ffd40500000 - 0x00007ffd405b4000 	C:\WINDOWS\System32\ADVAPI32.dll
0x00007ffd41ba0000 - 0x00007ffd41c46000 	C:\WINDOWS\System32\sechost.dll
0x00007ffd42070000 - 0x00007ffd42186000 	C:\WINDOWS\System32\RPCRT4.dll
0x00007ffd42190000 - 0x00007ffd42204000 	C:\WINDOWS\System32\WS2_32.dll
0x00007ffd3f510000 - 0x00007ffd3f55e000 	C:\WINDOWS\SYSTEM32\POWRPROF.dll
0x00007ffd32ca0000 - 0x00007ffd32cd6000 	C:\WINDOWS\SYSTEM32\WINMM.dll
0x00007ffd32e00000 - 0x00007ffd32e0b000 	C:\WINDOWS\SYSTEM32\VERSION.dll
0x00007ffd3f3e0000 - 0x00007ffd3f3f4000 	C:\WINDOWS\SYSTEM32\UMPDC.dll
0x00007ffd3e530000 - 0x00007ffd3e54a000 	C:\WINDOWS\SYSTEM32\kernel.appcore.dll
0x00007ffd3bc00000 - 0x00007ffd3bc0a000 	c:\Users\josek\.vscode\extensions\redhat.java-1.39.0-win32-x64\jre\21.0.5-win32-x86_64\bin\jimage.dll
0x00007ffd37920000 - 0x00007ffd37b61000 	C:\WINDOWS\SYSTEM32\DBGHELP.DLL
0x00007ffd41470000 - 0x00007ffd417ee000 	C:\WINDOWS\System32\combase.dll
0x00007ffd41ac0000 - 0x00007ffd41b96000 	C:\WINDOWS\System32\OLEAUT32.dll
0x00007ffd125b0000 - 0x00007ffd125e9000 	C:\WINDOWS\SYSTEM32\dbgcore.DLL
0x00007ffd3ff20000 - 0x00007ffd3ffb9000 	C:\WINDOWS\System32\bcryptPrimitives.dll
0x00007ffd3b340000 - 0x00007ffd3b34f000 	c:\Users\josek\.vscode\extensions\redhat.java-1.39.0-win32-x64\jre\21.0.5-win32-x86_64\bin\instrument.dll
0x00007ffd2c5b0000 - 0x00007ffd2c5cf000 	c:\Users\josek\.vscode\extensions\redhat.java-1.39.0-win32-x64\jre\21.0.5-win32-x86_64\bin\java.dll
0x00007ffd40d60000 - 0x00007ffd41461000 	C:\WINDOWS\System32\SHELL32.dll
0x00007ffd3d420000 - 0x00007ffd3dc51000 	C:\WINDOWS\SYSTEM32\windows.storage.dll
0x00007ffd40c80000 - 0x00007ffd40d5a000 	C:\WINDOWS\System32\SHCORE.dll
0x00007ffd40c20000 - 0x00007ffd40c7d000 	C:\WINDOWS\System32\shlwapi.dll
0x00007ffd3f640000 - 0x00007ffd3f66e000 	C:\WINDOWS\SYSTEM32\profapi.dll
0x00007ffd2c570000 - 0x00007ffd2c588000 	c:\Users\josek\.vscode\extensions\redhat.java-1.39.0-win32-x64\jre\21.0.5-win32-x86_64\bin\zip.dll
0x00007ffd32320000 - 0x00007ffd32330000 	C:\Users\josek\.vscode\extensions\redhat.java-1.39.0-win32-x64\jre\21.0.5-win32-x86_64\bin\net.dll
0x00007ffd39750000 - 0x00007ffd39876000 	C:\WINDOWS\SYSTEM32\WINHTTP.dll
0x00007ffd3ea10000 - 0x00007ffd3ea78000 	C:\WINDOWS\system32\mswsock.dll
0x00007ffd2ad90000 - 0x00007ffd2ada6000 	C:\Users\josek\.vscode\extensions\redhat.java-1.39.0-win32-x64\jre\21.0.5-win32-x86_64\bin\nio.dll
0x00007ffd31d80000 - 0x00007ffd31d90000 	c:\Users\josek\.vscode\extensions\redhat.java-1.39.0-win32-x64\jre\21.0.5-win32-x86_64\bin\verify.dll
0x00007ffd1b0e0000 - 0x00007ffd1b125000 	C:\Users\josek\AppData\Roaming\Code\User\globalStorage\redhat.java\1.39.0\config_win\org.eclipse.equinox.launcher\org.eclipse.equinox.launcher.win32.win32.x86_64_1.2.1100.v20240722-2106\eclipse_11904.dll
0x00007ffd41c50000 - 0x00007ffd41de9000 	C:\WINDOWS\System32\ole32.dll
0x00007ffd3edc0000 - 0x00007ffd3eddc000 	C:\WINDOWS\SYSTEM32\CRYPTSP.dll
0x00007ffd3e490000 - 0x00007ffd3e4c8000 	C:\WINDOWS\system32\rsaenh.dll
0x00007ffd3eab0000 - 0x00007ffd3eadb000 	C:\WINDOWS\SYSTEM32\USERENV.dll
0x00007ffd3ef50000 - 0x00007ffd3ef76000 	C:\WINDOWS\SYSTEM32\bcrypt.dll
0x00007ffd3ec40000 - 0x00007ffd3ec4c000 	C:\WINDOWS\SYSTEM32\CRYPTBASE.dll
0x00007ffd3df50000 - 0x00007ffd3df82000 	C:\WINDOWS\SYSTEM32\IPHLPAPI.DLL
0x00007ffd404e0000 - 0x00007ffd404ea000 	C:\WINDOWS\System32\NSI.dll
0x00007ffd140a0000 - 0x00007ffd140e9000 	C:\Users\josek\AppData\Local\Temp\jna-72273521\jna13822784664179813891.dll
0x00007ffd404f0000 - 0x00007ffd404f8000 	C:\WINDOWS\System32\PSAPI.DLL
0x00007ffd396d0000 - 0x00007ffd396ee000 	C:\WINDOWS\SYSTEM32\dhcpcsvc6.DLL
0x00007ffd396a0000 - 0x00007ffd396c5000 	C:\WINDOWS\SYSTEM32\dhcpcsvc.DLL

dbghelp: loaded successfully - version: 4.0.5 - missing functions: none
symbol engine: initialized successfully - sym options: 0x614 - pdb path: .;c:\Users\josek\.vscode\extensions\redhat.java-1.39.0-win32-x64\jre\21.0.5-win32-x86_64\bin;C:\WINDOWS\SYSTEM32;C:\WINDOWS\WinSxS\amd64_microsoft.windows.common-controls_6595b64144ccf1df_6.0.26100.2454_none_3e0b68a2e331ad60;c:\Users\josek\.vscode\extensions\redhat.java-1.39.0-win32-x64\jre\21.0.5-win32-x86_64\bin\server;C:\Users\josek\AppData\Roaming\Code\User\globalStorage\redhat.java\1.39.0\config_win\org.eclipse.equinox.launcher\org.eclipse.equinox.launcher.win32.win32.x86_64_1.2.1100.v20240722-2106;C:\Users\josek\AppData\Local\Temp\jna-72273521

VM Arguments:
jvm_args: --add-modules=ALL-SYSTEM --add-opens=java.base/java.util=ALL-UNNAMED --add-opens=java.base/java.lang=ALL-UNNAMED --add-opens=java.base/sun.nio.fs=ALL-UNNAMED -Declipse.application=org.eclipse.jdt.ls.core.id1 -Dosgi.bundles.defaultStartLevel=4 -Declipse.product=org.eclipse.jdt.ls.core.product -Djava.import.generatesMetadataFilesAtProjectRoot=false -DDetectVMInstallationsJob.disabled=true -Dfile.encoding=utf8 -XX:+UseParallelGC -XX:GCTimeRatio=4 -XX:AdaptiveSizePolicyWeight=90 -Dsun.zip.disableMemoryMapping=true -Xmx1G -Xms100m -Xlog:disable -javaagent:c:\Users\josek\.vscode\extensions\redhat.java-1.39.0-win32-x64\lombok\lombok-1.18.34.jar -XX:+HeapDumpOnOutOfMemoryError -XX:HeapDumpPath=c:\Users\josek\AppData\Roaming\Code\User\workspaceStorage\8c11932dc36704d4658ce29911af89cf\redhat.java -Daether.dependencyCollector.impl=bf 
java_command: c:\Users\josek\.vscode\extensions\redhat.java-1.39.0-win32-x64\server\plugins\org.eclipse.equinox.launcher_1.6.900.v20240613-2009.jar -configuration c:\Users\josek\AppData\Roaming\Code\User\globalStorage\redhat.java\1.39.0\config_win -data c:\Users\josek\AppData\Roaming\Code\User\workspaceStorage\8c11932dc36704d4658ce29911af89cf\redhat.java\jdt_ws --pipe=\\.\pipe\lsp-80a137a584c29333139253a5d9c8d909-sock
java_class_path (initial): c:\Users\josek\.vscode\extensions\redhat.java-1.39.0-win32-x64\server\plugins\org.eclipse.equinox.launcher_1.6.900.v20240613-2009.jar
Launcher Type: SUN_STANDARD

[Global flags]
    uintx AdaptiveSizePolicyWeight                 = 90                                        {product} {command line}
     intx CICompilerCount                          = 12                                        {product} {ergonomic}
    uintx GCTimeRatio                              = 4                                         {product} {command line}
     bool HeapDumpOnOutOfMemoryError               = true                                   {manageable} {command line}
    ccstr HeapDumpPath                             = c:\Users\josek\AppData\Roaming\Code\User\workspaceStorage\8c11932dc36704d4658ce29911af89cf\redhat.java         {manageable} {command line}
   size_t InitialHeapSize                          = 104857600                                 {product} {command line}
   size_t MaxHeapSize                              = 1073741824                                {product} {command line}
   size_t MaxNewSize                               = 357564416                                 {product} {ergonomic}
   size_t MinHeapDeltaBytes                        = 524288                                    {product} {ergonomic}
   size_t MinHeapSize                              = 104857600                                 {product} {command line}
   size_t NewSize                                  = 34603008                                  {product} {ergonomic}
    uintx NonNMethodCodeHeapSize                   = 7602480                                {pd product} {ergonomic}
    uintx NonProfiledCodeHeapSize                  = 122027880                              {pd product} {ergonomic}
   size_t OldSize                                  = 70254592                                  {product} {ergonomic}
     bool PerfDisableSharedMem                     = true                                      {product} {ergonomic}
    uintx ProfiledCodeHeapSize                     = 122027880                              {pd product} {ergonomic}
    uintx ReservedCodeCacheSize                    = 251658240                              {pd product} {ergonomic}
     bool SegmentedCodeCache                       = true                                      {product} {ergonomic}
   size_t SoftMaxHeapSize                          = 1073741824                             {manageable} {ergonomic}
     bool UseCompressedOops                        = true                           {product lp64_product} {ergonomic}
     bool UseLargePagesIndividualAllocation        = false                                  {pd product} {ergonomic}
     bool UseParallelGC                            = true                                      {product} {command line}

Logging:
Log output configuration:
 #0: stdout all=off uptime,level,tags foldmultilines=false
 #1: stderr all=off uptime,level,tags foldmultilines=false

Environment Variables:
PATH=C:\Users\josek\bin;K:\Git\mingw64\bin;K:\Git\usr\local\bin;K:\Git\usr\bin;K:\Git\usr\bin;K:\Git\mingw64\bin;K:\Git\usr\bin;C:\Users\josek\bin;C:\Program Files\Common Files\Oracle\Java\javapath;C:\Program Files (x86)\Common Files\Oracle\Java\java8path;C:\Program Files (x86)\Common Files\Oracle\Java\javapath;C:\WINDOWS\system32;C:\WINDOWS;C:\WINDOWS\System32\Wbem;C:\WINDOWS\System32\WindowsPowerShell\v1.0;C:\WINDOWS\System32\OpenSSH;K:\Git\cmd;C:\Program Files\Docker\Docker\resources\bin;C:\Program Files\nodejs;C:\Users\josek\AppData\Local\Microsoft\WindowsApps;C:\Users\josek\AppData\Local\Programs\Microsoft VS Code\bin;C:\Users\josek\AppData\Roaming\npm;K:\Git\usr\bin\vendor_perl;K:\Git\usr\bin\core_perl
USERNAME=Kayky
SHELL=K:\Git\usr\bin\bash.exe
DISPLAY=needs-to-be-defined
LC_CTYPE=pt_BR.UTF-8
TERM=xterm
TMPDIR=C:\Users\josek\AppData\Local\Temp
OS=Windows_NT
PROCESSOR_IDENTIFIER=AMD64 Family 25 Model 33 Stepping 2, AuthenticAMD
TMP=C:\Users\josek\AppData\Local\Temp
TEMP=C:\Users\josek\AppData\Local\Temp




Periodic native trim disabled

---------------  S Y S T E M  ---------------

OS:
 Windows 11 , 64 bit Build 26100 (10.0.26100.2454)
OS uptime: 19 days 5:03 hours
Hyper-V role detected

CPU: total 16 (initial active 16) (16 cores per cpu, 2 threads per core) family 25 model 33 stepping 2 microcode 0xa20120a, cx8, cmov, fxsr, ht, mmx, 3dnowpref, sse, sse2, sse3, ssse3, sse4a, sse4.1, sse4.2, popcnt, lzcnt, tsc, tscinvbit, avx, avx2, aes, erms, clmul, bmi1, bmi2, adx, sha, fma, vzeroupper, clflush, clflushopt, hv, rdtscp, rdpid, fsrm, f16c, cet_ss
Processor Information for all 16 processors :
  Max Mhz: 3394, Current Mhz: 3394, Mhz Limit: 3394

Memory: 4k page, system-wide physical 16307M (557M free)
TotalPageFile size 44828M (AvailPageFile size 24M)
current process WorkingSet (physical memory assigned to process): 559M, peak: 568M
current process commit charge ("private bytes"): 534M, peak: 546M

vm_info: OpenJDK 64-Bit Server VM (21.0.5+11-LTS) for windows-amd64 JRE (21.0.5+11-LTS), built on 2024-10-15T00:00:00Z by "admin" with MS VC++ 17.7 (VS2022)

END.
