#
# There is insufficient memory for the Java Runtime Environment to continue.
# Native memory allocation (malloc) failed to allocate 1907536 bytes for Chunk::new
# Possible reasons:
#   The system is out of physical RAM or swap space
#   The process is running with CompressedOops enabled, and the Java Heap may be blocking the growth of the native heap
# Possible solutions:
#   Reduce memory load on the system
#   Increase physical memory or swap space
#   Check if swap backing store is full
#   Decrease Java heap size (-Xmx/-Xms)
#   Decrease number of Java threads
#   Decrease Java thread stack sizes (-Xss)
#   Set larger code cache with -XX:ReservedCodeCacheSize=
#   JVM is running with Zero Based Compressed Oops mode in which the Java heap is
#     placed in the first 32GB address space. The Java Heap base address is the
#     maximum limit for the native heap growth. Please use -XX:HeapBaseMinAddress
#     to set the Java Heap base and to place the Java Heap above 32GB virtual address.
# This output file may be truncated or incomplete.
#
#  Out of Memory Error (arena.cpp:189), pid=2336, tid=13452
#
# JRE version: Java(TM) SE Runtime Environment (17.0.12+8) (build 17.0.12+8-LTS-286)
# Java VM: Java HotSpot(TM) 64-Bit Server VM (17.0.12+8-LTS-286, mixed mode, sharing, tiered, compressed oops, compressed class ptrs, g1 gc, windows-amd64)
# No core dump will be written. Minidumps are not enabled by default on client versions of Windows
#

---------------  S U M M A R Y ------------

Command Line: -XX:+ShowCodeDetailsInExceptionMessages -Dfile.encoding=UTF-8 disk.api.ApiApplication

Host: AMD Ryzen 7 5700X 8-Core Processor             , 16 cores, 15G,  Windows 11 , 64 bit Build 26100 (10.0.26100.2454)
Time: Tue Feb  4 17:36:15 2025 Hora oficial do Brasil elapsed time: 8188.622654 seconds (0d 2h 16m 28s)

---------------  T H R E A D  ---------------

Current thread (0x000001dccf778900):  JavaThread "C2 CompilerThread0" daemon [_thread_in_native, id=13452, stack(0x00000096a9500000,0x00000096a9600000)]


Current CompileTask:
C2:8188622 18354   !   4       org.springframework.context.annotation.ConfigurationClassParser::processImports (371 bytes)

Stack: [0x00000096a9500000,0x00000096a9600000]
Native frames: (J=compiled Java code, j=interpreted, Vv=VM code, C=native code)
V  [jvm.dll+0x67a04a]
V  [jvm.dll+0x7da4ed]
V  [jvm.dll+0x7dbe33]
V  [jvm.dll+0x7dc4a3]
V  [jvm.dll+0x24508f]
V  [jvm.dll+0xab773]
V  [jvm.dll+0xabd3c]
V  [jvm.dll+0x361b9f]
V  [jvm.dll+0x32c431]
V  [jvm.dll+0x32b8ca]
V  [jvm.dll+0x21683f]
V  [jvm.dll+0x215c6f]
V  [jvm.dll+0x1a2960]
V  [jvm.dll+0x22610b]
V  [jvm.dll+0x2242ab]
V  [jvm.dll+0x79075c]
V  [jvm.dll+0x78abea]
V  [jvm.dll+0x678f35]
C  [ucrtbase.dll+0x14ea0]
C  [KERNEL32.DLL+0x2e8d7]
C  [ntdll.dll+0xdfbcc]


---------------  P R O C E S S  ---------------

Threads class SMR info:
_java_thread_list=0x000001dd159e5b20, length=34, elements={
0x000001dccf747850, 0x000001dccf748f80, 0x000001dccf75dba0, 0x000001dccf75e670,
0x000001dccf762b70, 0x000001dccf7688b0, 0x000001dccf778900, 0x000001dccf784370,
0x000001dccf765b20, 0x000001dccf766030, 0x000001dccf7683a0, 0x000001dd19e223d0,
0x000001dd19e265a0, 0x000001dd19e20a80, 0x000001dd1b0593f0, 0x000001dd19e23810,
0x000001dd1b05a320, 0x000001dd19e23d20, 0x000001dd1b059e10, 0x000001dd19e20570,
0x000001dccf765100, 0x000001dd19e26ab0, 0x000001dccf765610, 0x000001dd1b05cba0,
0x000001dd153dbc70, 0x000001dd153d9900, 0x000001dd153d93f0, 0x000001dd153dc180,
0x000001dd1b05d0b0, 0x000001dd1b05f420, 0x000001dd1b05d5c0, 0x000001dd1b05dad0,
0x000001dd1b05dfe0, 0x000001dccf8a1380
}

Java Threads: ( => current thread )
  0x000001dccf747850 JavaThread "Reference Handler" daemon [_thread_blocked, id=15024, stack(0x00000096a8f00000,0x00000096a9000000)]
  0x000001dccf748f80 JavaThread "Finalizer" daemon [_thread_blocked, id=26704, stack(0x00000096a9000000,0x00000096a9100000)]
  0x000001dccf75dba0 JavaThread "Signal Dispatcher" daemon [_thread_blocked, id=17752, stack(0x00000096a9100000,0x00000096a9200000)]
  0x000001dccf75e670 JavaThread "Attach Listener" daemon [_thread_blocked, id=21004, stack(0x00000096a9200000,0x00000096a9300000)]
  0x000001dccf762b70 JavaThread "Service Thread" daemon [_thread_blocked, id=11748, stack(0x00000096a9300000,0x00000096a9400000)]
  0x000001dccf7688b0 JavaThread "Monitor Deflation Thread" daemon [_thread_blocked, id=22732, stack(0x00000096a9400000,0x00000096a9500000)]
=>0x000001dccf778900 JavaThread "C2 CompilerThread0" daemon [_thread_in_native, id=13452, stack(0x00000096a9500000,0x00000096a9600000)]
  0x000001dccf784370 JavaThread "C1 CompilerThread0" daemon [_thread_blocked, id=19332, stack(0x00000096a9600000,0x00000096a9700000)]
  0x000001dccf765b20 JavaThread "Sweeper thread" daemon [_thread_blocked, id=7920, stack(0x00000096a9700000,0x00000096a9800000)]
  0x000001dccf766030 JavaThread "Notification Thread" daemon [_thread_blocked, id=23396, stack(0x00000096a9b00000,0x00000096a9c00000)]
  0x000001dccf7683a0 JavaThread "Common-Cleaner" daemon [_thread_blocked, id=8932, stack(0x00000096a9d00000,0x00000096a9e00000)]
  0x000001dd19e223d0 JavaThread "Live Reload Server" daemon [_thread_in_native, id=23788, stack(0x00000096abd00000,0x00000096abe00000)]
  0x000001dd19e265a0 JavaThread "DestroyJavaVM" [_thread_blocked, id=14356, stack(0x00000096a8800000,0x00000096a8900000)]
  0x000001dd19e20a80 JavaThread "parallel-1" daemon [_thread_blocked, id=21684, stack(0x00000096a8600000,0x00000096a8700000)]
  0x000001dd1b0593f0 JavaThread "parallel-2" daemon [_thread_blocked, id=23068, stack(0x00000096a9900000,0x00000096a9a00000)]
  0x000001dd19e23810 JavaThread "parallel-3" daemon [_thread_blocked, id=19684, stack(0x00000096a9f00000,0x00000096aa000000)]
  0x000001dd1b05a320 JavaThread "parallel-4" daemon [_thread_blocked, id=12632, stack(0x00000096a9800000,0x00000096a9900000)]
  0x000001dd19e23d20 JavaThread "parallel-5" daemon [_thread_blocked, id=2548, stack(0x00000096a9a00000,0x00000096a9b00000)]
  0x000001dd1b059e10 JavaThread "parallel-6" daemon [_thread_blocked, id=1724, stack(0x00000096aa600000,0x00000096aa700000)]
  0x000001dd19e20570 JavaThread "parallel-7" daemon [_thread_blocked, id=13236, stack(0x00000096a8700000,0x00000096a8800000)]
  0x000001dccf765100 JavaThread "parallel-8" daemon [_thread_blocked, id=2976, stack(0x00000096aa500000,0x00000096aa600000)]
  0x000001dd19e26ab0 JavaThread "parallel-9" daemon [_thread_blocked, id=3496, stack(0x00000096ab000000,0x00000096ab100000)]
  0x000001dccf765610 JavaThread "parallel-10" daemon [_thread_blocked, id=26448, stack(0x00000096ab300000,0x00000096ab400000)]
  0x000001dd1b05cba0 JavaThread "parallel-11" daemon [_thread_blocked, id=19752, stack(0x00000096ab400000,0x00000096ab500000)]
  0x000001dd153dbc70 JavaThread "parallel-12" daemon [_thread_blocked, id=2460, stack(0x00000096ab500000,0x00000096ab600000)]
  0x000001dd153d9900 JavaThread "parallel-13" daemon [_thread_blocked, id=17584, stack(0x00000096a9e00000,0x00000096a9f00000)]
  0x000001dd153d93f0 JavaThread "parallel-14" daemon [_thread_blocked, id=19764, stack(0x00000096aaa00000,0x00000096aab00000)]
  0x000001dd153dc180 JavaThread "parallel-15" daemon [_thread_blocked, id=23960, stack(0x00000096aab00000,0x00000096aac00000)]
  0x000001dd1b05d0b0 JavaThread "parallel-16" daemon [_thread_blocked, id=18980, stack(0x00000096ab700000,0x00000096ab800000)]
  0x000001dd1b05f420 JavaThread "Thread-71" [_thread_blocked, id=1892, stack(0x00000096ab900000,0x00000096aba00000)]
  0x000001dd1b05d5c0 JavaThread "File Watcher" daemon [_thread_blocked, id=9628, stack(0x00000096ab600000,0x00000096ab700000)]
  0x000001dd1b05dad0 JavaThread "File Watcher" daemon [_thread_blocked, id=21876, stack(0x00000096a8500000,0x00000096a8600000)]
  0x000001dd1b05dfe0 Thread [stack: 0x00000096aba00000,0x00000096abb00000] [id=5272]
  0x000001dccf8a1380 JavaThread "C2 CompilerThread1" daemon [_thread_in_native, id=3148, stack(0x00000096abb00000,0x00000096abc00000)]

Other Threads:
  0x000001dccf742580 VMThread "VM Thread" [stack: 0x00000096a8e00000,0x00000096a8f00000] [id=18800]
  0x000001dccf8c6190 WatcherThread [stack: 0x00000096a9c00000,0x00000096a9d00000] [id=27520]
  0x000001dcabf36020 GCTaskThread "GC Thread#0" [stack: 0x00000096a8900000,0x00000096a8a00000] [id=18692]
  0x000001dd158f4100 GCTaskThread "GC Thread#1" [stack: 0x00000096aa000000,0x00000096aa100000] [id=1548]
  0x000001dd155f5eb0 GCTaskThread "GC Thread#2" [stack: 0x00000096aa100000,0x00000096aa200000] [id=8060]
  0x000001dd155f6580 GCTaskThread "GC Thread#3" [stack: 0x00000096aa200000,0x00000096aa300000] [id=2060]
  0x000001dd155f6840 GCTaskThread "GC Thread#4" [stack: 0x00000096aa300000,0x00000096aa400000] [id=17140]
  0x000001dd155f6b00 GCTaskThread "GC Thread#5" [stack: 0x00000096aa400000,0x00000096aa500000] [id=14048]
  0x000001dd1646acb0 GCTaskThread "GC Thread#6" [stack: 0x00000096aa800000,0x00000096aa900000] [id=2176]
  0x000001dd162c5940 GCTaskThread "GC Thread#7" [stack: 0x00000096aa900000,0x00000096aaa00000] [id=20924]
  0x000001dd1667c8a0 GCTaskThread "GC Thread#8" [stack: 0x00000096aa700000,0x00000096aa800000] [id=10572]
  0x000001dd164af410 GCTaskThread "GC Thread#9" [stack: 0x00000096aac00000,0x00000096aad00000] [id=14032]
  0x000001dd163b6ee0 GCTaskThread "GC Thread#10" [stack: 0x00000096aad00000,0x00000096aae00000] [id=11352]
  0x000001dd16d4d6d0 GCTaskThread "GC Thread#11" [stack: 0x00000096aae00000,0x00000096aaf00000] [id=19160]
  0x000001dd164f0a10 GCTaskThread "GC Thread#12" [stack: 0x00000096aaf00000,0x00000096ab000000] [id=5032]
  0x000001dcabf49b30 ConcurrentGCThread "G1 Main Marker" [stack: 0x00000096a8a00000,0x00000096a8b00000] [id=6824]
  0x000001dcabf4ace0 ConcurrentGCThread "G1 Conc#0" [stack: 0x00000096a8b00000,0x00000096a8c00000] [id=21220]
  0x000001dd16553ad0 ConcurrentGCThread "G1 Conc#1" [stack: 0x00000096ab100000,0x00000096ab200000] [id=27420]
  0x000001dd16553d90 ConcurrentGCThread "G1 Conc#2" [stack: 0x00000096ab200000,0x00000096ab300000] [id=8160]
  0x000001dcabf7eb40 ConcurrentGCThread "G1 Refine#0" [stack: 0x00000096a8c00000,0x00000096a8d00000] [id=5504]
  0x000001dccf4ec000 ConcurrentGCThread "G1 Service" [stack: 0x00000096a8d00000,0x00000096a8e00000] [id=14844]

Threads with active compile tasks:
C2 CompilerThread0  8190643 18354   !   4       org.springframework.context.annotation.ConfigurationClassParser::processImports (371 bytes)
C2 CompilerThread1  8190644 18364       4       java.lang.Class::privateGetPublicMethods (224 bytes)

VM state: not at safepoint (normal execution)

VM Mutex/Monitor currently owned by a thread: None

Heap address: 0x0000000701200000, size: 4078 MB, Compressed Oops mode: Zero based, Oop shift amount: 3

CDS archive(s) mapped at: [0x000001dcd0000000-0x000001dcd0bd0000-0x000001dcd0bd0000), size 12386304, SharedBaseAddress: 0x000001dcd0000000, ArchiveRelocationMode: 1.
Compressed class space mapped at: 0x000001dcd1000000-0x000001dd11000000, reserved size: 1073741824
Narrow klass base: 0x000001dcd0000000, Narrow klass shift: 0, Narrow klass range: 0x100000000

GC Precious Log:
 CPUs: 16 total, 16 available
 Memory: 16307M
 Large Page Support: Disabled
 NUMA Support: Disabled
 Compressed Oops: Enabled (Zero based)
 Heap Region Size: 2M
 Heap Min Capacity: 8M
 Heap Initial Capacity: 256M
 Heap Max Capacity: 4078M
 Pre-touch: Disabled
 Parallel Workers: 13
 Concurrent Workers: 3
 Concurrent Refinement Workers: 13
 Periodic GC: Disabled

Heap:
 garbage-first heap   total 116736K, used 59341K [0x0000000701200000, 0x0000000800000000)
  region size 2048K, 13 young (26624K), 2 survivors (4096K)
 Metaspace       used 98600K, committed 99904K, reserved 1179648K
  class space    used 12368K, committed 13056K, reserved 1048576K

Heap Regions: E=young(eden), S=young(survivor), O=old, HS=humongous(starts), HC=humongous(continues), CS=collection set, F=free, OA=open archive, CA=closed archive, TAMS=top-at-mark-start (previous, next)
|   0|0x0000000701200000, 0x0000000701400000, 0x0000000701400000|100%| O|  |TAMS 0x0000000701400000, 0x0000000701200000| Untracked 
|   1|0x0000000701400000, 0x00000007015ffff8, 0x0000000701600000| 99%| O|  |TAMS 0x00000007015ffff8, 0x0000000701400000| Untracked 
|   2|0x0000000701600000, 0x00000007017fffd8, 0x0000000701800000| 99%| O|  |TAMS 0x00000007017fffd8, 0x0000000701600000| Untracked 
|   3|0x0000000701800000, 0x00000007019ffff8, 0x0000000701a00000| 99%| O|  |TAMS 0x0000000701800000, 0x0000000701800000| Untracked 
|   4|0x0000000701a00000, 0x0000000701bfffd0, 0x0000000701c00000| 99%| O|  |TAMS 0x0000000701bfffd0, 0x0000000701a00000| Untracked 
|   5|0x0000000701c00000, 0x0000000701dfffb8, 0x0000000701e00000| 99%| O|  |TAMS 0x0000000701dfffb8, 0x0000000701c00000| Untracked 
|   6|0x0000000701e00000, 0x0000000701ffffc0, 0x0000000702000000| 99%| O|  |TAMS 0x0000000701ffffc0, 0x0000000701e00000| Untracked 
|   7|0x0000000702000000, 0x00000007021fffe8, 0x0000000702200000| 99%| O|  |TAMS 0x00000007021fffe8, 0x0000000702000000| Untracked 
|   8|0x0000000702200000, 0x00000007023ffff0, 0x0000000702400000| 99%| O|  |TAMS 0x00000007023ffff0, 0x0000000702200000| Untracked 
|   9|0x0000000702400000, 0x00000007025fffc8, 0x0000000702600000| 99%| O|  |TAMS 0x0000000702400000, 0x0000000702400000| Untracked 
|  10|0x0000000702600000, 0x0000000702800000, 0x0000000702800000|100%| O|  |TAMS 0x0000000702800000, 0x0000000702600000| Untracked 
|  11|0x0000000702800000, 0x00000007029fffd0, 0x0000000702a00000| 99%| O|  |TAMS 0x0000000702800000, 0x0000000702800000| Untracked 
|  12|0x0000000702a00000, 0x0000000702bfffa8, 0x0000000702c00000| 99%| O|  |TAMS 0x0000000702a00000, 0x0000000702a00000| Untracked 
|  13|0x0000000702c00000, 0x0000000702dffff0, 0x0000000702e00000| 99%| O|  |TAMS 0x0000000702c00000, 0x0000000702c00000| Untracked 
|  14|0x0000000702e00000, 0x0000000703000000, 0x0000000703000000|100%| O|  |TAMS 0x0000000702e00000, 0x0000000702e00000| Untracked 
|  15|0x0000000703000000, 0x00000007031ffc70, 0x0000000703200000| 99%| O|  |TAMS 0x0000000703000000, 0x0000000703000000| Untracked 
|  16|0x0000000703200000, 0x000000070338fb70, 0x0000000703400000| 78%| O|  |TAMS 0x0000000703200000, 0x0000000703200000| Untracked 
|  17|0x0000000703400000, 0x00000007035493f8, 0x0000000703600000| 64%| O|  |TAMS 0x0000000703400000, 0x0000000703400000| Untracked 
|  18|0x0000000703600000, 0x00000007036fba00, 0x0000000703800000| 49%| O|  |TAMS 0x0000000703600000, 0x0000000703600000| Untracked 
|  19|0x0000000703800000, 0x0000000703800000, 0x0000000703a00000|  0%| F|  |TAMS 0x0000000703800000, 0x0000000703800000| Untracked 
|  20|0x0000000703a00000, 0x0000000703a6eab0, 0x0000000703c00000| 21%| O|  |TAMS 0x0000000703a00000, 0x0000000703a00000| Untracked 
|  21|0x0000000703c00000, 0x0000000703c00000, 0x0000000703e00000|  0%| F|  |TAMS 0x0000000703c00000, 0x0000000703c00000| Untracked 
|  22|0x0000000703e00000, 0x0000000703e00000, 0x0000000704000000|  0%| F|  |TAMS 0x0000000703e00000, 0x0000000703e00000| Untracked 
|  23|0x0000000704000000, 0x0000000704000000, 0x0000000704200000|  0%| F|  |TAMS 0x0000000704000000, 0x0000000704000000| Untracked 
|  24|0x0000000704200000, 0x0000000704200000, 0x0000000704400000|  0%| F|  |TAMS 0x0000000704200000, 0x0000000704200000| Untracked 
|  25|0x0000000704400000, 0x0000000704400000, 0x0000000704600000|  0%| F|  |TAMS 0x0000000704400000, 0x0000000704400000| Untracked 
|  26|0x0000000704600000, 0x000000070465bab0, 0x0000000704800000| 17%| O|  |TAMS 0x0000000704600000, 0x0000000704600000| Untracked 
|  27|0x0000000704800000, 0x0000000704800000, 0x0000000704a00000|  0%| F|  |TAMS 0x0000000704800000, 0x0000000704800000| Untracked 
|  28|0x0000000704a00000, 0x0000000704a00000, 0x0000000704c00000|  0%| F|  |TAMS 0x0000000704a00000, 0x0000000704a00000| Untracked 
|  29|0x0000000704c00000, 0x0000000704d54bc0, 0x0000000704e00000| 66%| S|CS|TAMS 0x0000000704c00000, 0x0000000704c00000| Complete 
|  30|0x0000000704e00000, 0x0000000704e00000, 0x0000000705000000|  0%| F|  |TAMS 0x0000000704e00000, 0x0000000704e00000| Untracked 
|  31|0x0000000705000000, 0x0000000705000000, 0x0000000705200000|  0%| F|  |TAMS 0x0000000705000000, 0x0000000705000000| Untracked 
|  32|0x0000000705200000, 0x0000000705200000, 0x0000000705400000|  0%| F|  |TAMS 0x0000000705200000, 0x0000000705200000| Untracked 
|  33|0x0000000705400000, 0x0000000705600000, 0x0000000705600000|100%| S|CS|TAMS 0x0000000705400000, 0x0000000705400000| Complete 
|  34|0x0000000705600000, 0x0000000705600000, 0x0000000705800000|  0%| F|  |TAMS 0x0000000705600000, 0x0000000705600000| Untracked 
|  35|0x0000000705800000, 0x0000000705800000, 0x0000000705a00000|  0%| F|  |TAMS 0x0000000705800000, 0x0000000705800000| Untracked 
|  36|0x0000000705a00000, 0x0000000705a00000, 0x0000000705c00000|  0%| F|  |TAMS 0x0000000705a00000, 0x0000000705a00000| Untracked 
|  37|0x0000000705c00000, 0x0000000705c00000, 0x0000000705e00000|  0%| F|  |TAMS 0x0000000705c00000, 0x0000000705c00000| Untracked 
|  38|0x0000000705e00000, 0x0000000705e00000, 0x0000000706000000|  0%| F|  |TAMS 0x0000000705e00000, 0x0000000705e00000| Untracked 
|  39|0x0000000706000000, 0x0000000706000000, 0x0000000706200000|  0%| F|  |TAMS 0x0000000706000000, 0x0000000706000000| Untracked 
|  40|0x0000000706200000, 0x0000000706200000, 0x0000000706400000|  0%| F|  |TAMS 0x0000000706200000, 0x0000000706200000| Untracked 
|  41|0x0000000706400000, 0x0000000706400000, 0x0000000706600000|  0%| F|  |TAMS 0x0000000706400000, 0x0000000706400000| Untracked 
|  42|0x0000000706600000, 0x0000000706600000, 0x0000000706800000|  0%| F|  |TAMS 0x0000000706600000, 0x0000000706600000| Untracked 
|  43|0x0000000706800000, 0x0000000706800000, 0x0000000706a00000|  0%| F|  |TAMS 0x0000000706800000, 0x0000000706800000| Untracked 
|  44|0x0000000706a00000, 0x0000000706a00000, 0x0000000706c00000|  0%| F|  |TAMS 0x0000000706a00000, 0x0000000706a00000| Untracked 
|  45|0x0000000706c00000, 0x0000000706c00000, 0x0000000706e00000|  0%| F|  |TAMS 0x0000000706c00000, 0x0000000706c00000| Untracked 
|  46|0x0000000706e00000, 0x0000000706e07210, 0x0000000707000000|  1%| E|  |TAMS 0x0000000706e00000, 0x0000000706e00000| Complete 
|  47|0x0000000707000000, 0x0000000707200000, 0x0000000707200000|100%| E|CS|TAMS 0x0000000707000000, 0x0000000707000000| Complete 
|  48|0x0000000707200000, 0x0000000707400000, 0x0000000707400000|100%| E|CS|TAMS 0x0000000707200000, 0x0000000707200000| Complete 
|  49|0x0000000707400000, 0x0000000707600000, 0x0000000707600000|100%| E|CS|TAMS 0x0000000707400000, 0x0000000707400000| Complete 
|  50|0x0000000707600000, 0x0000000707800000, 0x0000000707800000|100%| E|CS|TAMS 0x0000000707600000, 0x0000000707600000| Complete 
|  51|0x0000000707800000, 0x0000000707a00000, 0x0000000707a00000|100%| E|CS|TAMS 0x0000000707800000, 0x0000000707800000| Complete 
|  52|0x0000000707a00000, 0x0000000707c00000, 0x0000000707c00000|100%| E|  |TAMS 0x0000000707a00000, 0x0000000707a00000| Complete 
|  53|0x0000000707c00000, 0x0000000707e00000, 0x0000000707e00000|100%| E|CS|TAMS 0x0000000707c00000, 0x0000000707c00000| Complete 
|  54|0x0000000707e00000, 0x0000000708000000, 0x0000000708000000|100%| E|CS|TAMS 0x0000000707e00000, 0x0000000707e00000| Complete 
|  55|0x0000000708000000, 0x0000000708200000, 0x0000000708200000|100%| E|CS|TAMS 0x0000000708000000, 0x0000000708000000| Complete 
|  56|0x0000000708200000, 0x0000000708400000, 0x0000000708400000|100%| E|CS|TAMS 0x0000000708200000, 0x0000000708200000| Complete 

Card table byte_map: [0x000001dcc37f0000,0x000001dcc3ff0000] _byte_map_base: 0x000001dcbffe7000

Marking Bits (Prev, Next): (CMBitMap*) 0x000001dcabf36680, (CMBitMap*) 0x000001dcabf36640
 Prev Bits: [0x000001dcc87b0000, 0x000001dccc768000)
 Next Bits: [0x000001dcc47f0000, 0x000001dcc87a8000)

Polling page: 0x000001dca9ba0000

Metaspace:

Usage:
  Non-class:     84.21 MB used.
      Class:     12.08 MB used.
       Both:     96.29 MB used.

Virtual space:
  Non-class space:      128.00 MB reserved,      84.81 MB ( 66%) committed,  2 nodes.
      Class space:        1.00 GB reserved,      12.75 MB (  1%) committed,  1 nodes.
             Both:        1.12 GB reserved,      97.56 MB (  8%) committed. 

Chunk freelists:
   Non-Class:  10.82 MB
       Class:  3.22 MB
        Both:  14.04 MB

MaxMetaspaceSize: unlimited
CompressedClassSpaceSize: 1.00 GB
Initial GC threshold: 21.00 MB
Current GC threshold: 161.81 MB
CDS: on
MetaspaceReclaimPolicy: balanced
 - commit_granule_bytes: 65536.
 - commit_granule_words: 8192.
 - virtual_space_node_default_size: 8388608.
 - enlarge_chunks_in_place: 1.
 - new_chunks_are_fully_committed: 0.
 - uncommit_free_chunks: 1.
 - use_allocation_guard: 0.
 - handle_deallocations: 1.


Internal statistics:

num_allocs_failed_limit: 9.
num_arena_births: 2634.
num_arena_deaths: 428.
num_vsnodes_births: 3.
num_vsnodes_deaths: 0.
num_space_committed: 1561.
num_space_uncommitted: 0.
num_chunks_returned_to_freelist: 528.
num_chunks_taken_from_freelist: 7278.
num_chunk_merges: 193.
num_chunk_splits: 4487.
num_chunks_enlarged: 2733.
num_inconsistent_stats: 0.

CodeHeap 'non-profiled nmethods': size=119168Kb used=15340Kb max_used=15340Kb free=103827Kb
 bounds [0x000001dcbb310000, 0x000001dcbc210000, 0x000001dcc2770000]
CodeHeap 'profiled nmethods': size=119104Kb used=30921Kb max_used=30921Kb free=88183Kb
 bounds [0x000001dcb3770000, 0x000001dcb55b0000, 0x000001dcbabc0000]
CodeHeap 'non-nmethods': size=7488Kb used=1371Kb max_used=3142Kb free=6116Kb
 bounds [0x000001dcbabc0000, 0x000001dcbaee0000, 0x000001dcbb310000]
 total_blobs=16334 nmethods=15628 adapters=617
 compilation: enabled
              stopped_count=0, restarted_count=0
 full_count=0

Compilation events (20 events):
Event: 8187.526 Thread 0x000001dccf8a1380 nmethod 18359 0x000001dcbc208110 code [0x000001dcbc208280, 0x000001dcbc208378]
Event: 8187.526 Thread 0x000001dccf8a1380 18355   !   4       jdk.internal.reflect.GeneratedConstructorAccessor9::newInstance (49 bytes)
Event: 8187.531 Thread 0x000001dccf8a1380 nmethod 18355 0x000001dcbc208410 code [0x000001dcbc208600, 0x000001dcbc208a28]
Event: 8187.541 Thread 0x000001dccf8a1380 18361       4       org.springframework.boot.autoconfigure.condition.ConditionMessage$Builder::found (17 bytes)
Event: 8187.541 Thread 0x000001dccf8a1380 nmethod 18361 0x000001dcbc208e90 code [0x000001dcbc209020, 0x000001dcbc209138]
Event: 8187.544 Thread 0x000001dccf8a1380 18362       4       org.springframework.cglib.core.Signature::equals (57 bytes)
Event: 8187.546 Thread 0x000001dccf8a1380 nmethod 18362 0x000001dcbc209210 code [0x000001dcbc2093a0, 0x000001dcbc2096f8]
Event: 8187.552 Thread 0x000001dccf8a1380 18363       4       org.springframework.core.ResolvableType::resolveVariable (185 bytes)
Event: 8187.553 Thread 0x000001dccf784370 18366       3       org.springframework.boot.context.properties.source.SpringIterableConfigurationPropertySource::getAncestorOfCheck (40 bytes)
Event: 8187.553 Thread 0x000001dccf784370 nmethod 18366 0x000001dcb5597190 code [0x000001dcb5597360, 0x000001dcb55977e8]
Event: 8187.553 Thread 0x000001dccf784370 18365   !   3       org.springframework.boot.context.properties.source.SpringIterableConfigurationPropertySource::assertEnumerablePropertySource (45 bytes)
Event: 8187.554 Thread 0x000001dccf784370 nmethod 18365 0x000001dcb5597990 code [0x000001dcb5597b80, 0x000001dcb5598398]
Event: 8187.556 Thread 0x000001dccf784370 18367       3       org.springframework.core.env.PropertySourcesPropertyResolver::containsProperty (51 bytes)
Event: 8187.556 Thread 0x000001dccf784370 nmethod 18367 0x000001dcb5598590 code [0x000001dcb55987a0, 0x000001dcb5598eb8]
Event: 8187.562 Thread 0x000001dccf8a1380 nmethod 18363 0x000001dcbc209890 code [0x000001dcbc209ac0, 0x000001dcbc20a920]
Event: 8187.562 Thread 0x000001dccf8a1380 18364       4       java.lang.Class::privateGetPublicMethods (224 bytes)
Event: 8187.570 Thread 0x000001dccf784370 18368       3       java.util.jar.Manifest::parseName (84 bytes)
Event: 8187.571 Thread 0x000001dccf784370 nmethod 18368 0x000001dcb5599110 code [0x000001dcb5599320, 0x000001dcb5599ae8]
Event: 8187.589 Thread 0x000001dccf784370 18370       3       org.apache.tomcat.util.IntrospectionUtils::capitalize (36 bytes)
Event: 8187.590 Thread 0x000001dccf784370 nmethod 18370 0x000001dcb5599d10 code [0x000001dcb5599f40, 0x000001dcb559a628]

GC Heap History (20 events):
Event: 6337.214 GC heap before
{Heap before GC invocations=97 (full 16):
 garbage-first heap   total 116736K, used 88291K [0x0000000701200000, 0x0000000800000000)
  region size 2048K, 26 young (53248K), 3 survivors (6144K)
 Metaspace       used 96997K, committed 98240K, reserved 1179648K
  class space    used 12219K, committed 12864K, reserved 1048576K
}
Event: 6337.216 GC heap after
{Heap after GC invocations=98 (full 16):
 garbage-first heap   total 116736K, used 43492K [0x0000000701200000, 0x0000000800000000)
  region size 2048K, 4 young (8192K), 4 survivors (8192K)
 Metaspace       used 96997K, committed 98240K, reserved 1179648K
  class space    used 12219K, committed 12864K, reserved 1048576K
}
Event: 6397.849 GC heap before
{Heap before GC invocations=98 (full 16):
 garbage-first heap   total 116736K, used 66020K [0x0000000701200000, 0x0000000800000000)
  region size 2048K, 16 young (32768K), 4 survivors (8192K)
 Metaspace       used 97229K, committed 98560K, reserved 1179648K
  class space    used 12236K, committed 12928K, reserved 1048576K
}
Event: 6397.891 GC heap after
{Heap after GC invocations=99 (full 17):
 garbage-first heap   total 116736K, used 37244K [0x0000000701200000, 0x0000000800000000)
  region size 2048K, 0 young (0K), 0 survivors (0K)
 Metaspace       used 97211K, committed 98560K, reserved 1179648K
  class space    used 12235K, committed 12928K, reserved 1048576K
}
Event: 6398.085 GC heap before
{Heap before GC invocations=99 (full 17):
 garbage-first heap   total 116736K, used 90492K [0x0000000701200000, 0x0000000800000000)
  region size 2048K, 26 young (53248K), 0 survivors (0K)
 Metaspace       used 97402K, committed 98688K, reserved 1179648K
  class space    used 12253K, committed 12928K, reserved 1048576K
}
Event: 6398.087 GC heap after
{Heap after GC invocations=100 (full 17):
 garbage-first heap   total 116736K, used 41721K [0x0000000701200000, 0x0000000800000000)
  region size 2048K, 3 young (6144K), 3 survivors (6144K)
 Metaspace       used 97402K, committed 98688K, reserved 1179648K
  class space    used 12253K, committed 12928K, reserved 1048576K
}
Event: 6398.265 GC heap before
{Heap before GC invocations=100 (full 17):
 garbage-first heap   total 116736K, used 88825K [0x0000000701200000, 0x0000000800000000)
  region size 2048K, 26 young (53248K), 3 survivors (6144K)
 Metaspace       used 97815K, committed 99072K, reserved 1179648K
  class space    used 12281K, committed 12928K, reserved 1048576K
}
Event: 6398.269 GC heap after
{Heap after GC invocations=101 (full 17):
 garbage-first heap   total 116736K, used 44356K [0x0000000701200000, 0x0000000800000000)
  region size 2048K, 4 young (8192K), 4 survivors (8192K)
 Metaspace       used 97815K, committed 99072K, reserved 1179648K
  class space    used 12281K, committed 12928K, reserved 1048576K
}
Event: 6953.343 GC heap before
{Heap before GC invocations=101 (full 17):
 garbage-first heap   total 116736K, used 89412K [0x0000000701200000, 0x0000000800000000)
  region size 2048K, 26 young (53248K), 4 survivors (8192K)
 Metaspace       used 98029K, committed 99328K, reserved 1179648K
  class space    used 12296K, committed 12992K, reserved 1048576K
}
Event: 6953.349 GC heap after
{Heap after GC invocations=102 (full 17):
 garbage-first heap   total 116736K, used 43985K [0x0000000701200000, 0x0000000800000000)
  region size 2048K, 2 young (4096K), 2 survivors (4096K)
 Metaspace       used 98029K, committed 99328K, reserved 1179648K
  class space    used 12296K, committed 12992K, reserved 1048576K
}
Event: 7986.247 GC heap before
{Heap before GC invocations=102 (full 17):
 garbage-first heap   total 116736K, used 91089K [0x0000000701200000, 0x0000000800000000)
  region size 2048K, 25 young (51200K), 2 survivors (4096K)
 Metaspace       used 98038K, committed 99328K, reserved 1179648K
  class space    used 12296K, committed 12992K, reserved 1048576K
}
Event: 7986.273 GC heap after
{Heap after GC invocations=103 (full 17):
 garbage-first heap   total 116736K, used 43671K [0x0000000701200000, 0x0000000800000000)
  region size 2048K, 2 young (4096K), 2 survivors (4096K)
 Metaspace       used 98038K, committed 99328K, reserved 1179648K
  class space    used 12296K, committed 12992K, reserved 1048576K
}
Event: 8182.044 GC heap before
{Heap before GC invocations=103 (full 17):
 garbage-first heap   total 116736K, used 55959K [0x0000000701200000, 0x0000000800000000)
  region size 2048K, 9 young (18432K), 2 survivors (4096K)
 Metaspace       used 98051K, committed 99392K, reserved 1179648K
  class space    used 12296K, committed 12992K, reserved 1048576K
}
Event: 8182.353 GC heap after
{Heap after GC invocations=104 (full 18):
 garbage-first heap   total 116736K, used 36491K [0x0000000701200000, 0x0000000800000000)
  region size 2048K, 0 young (0K), 0 survivors (0K)
 Metaspace       used 97951K, committed 99392K, reserved 1179648K
  class space    used 12275K, committed 12992K, reserved 1048576K
}
Event: 8182.815 GC heap before
{Heap before GC invocations=104 (full 18):
 garbage-first heap   total 116736K, used 89739K [0x0000000701200000, 0x0000000800000000)
  region size 2048K, 27 young (55296K), 0 survivors (0K)
 Metaspace       used 98119K, committed 99456K, reserved 1179648K
  class space    used 12293K, committed 12992K, reserved 1048576K
}
Event: 8182.820 GC heap after
{Heap after GC invocations=105 (full 18):
 garbage-first heap   total 116736K, used 41031K [0x0000000701200000, 0x0000000800000000)
  region size 2048K, 3 young (6144K), 3 survivors (6144K)
 Metaspace       used 98119K, committed 99456K, reserved 1179648K
  class space    used 12293K, committed 12992K, reserved 1048576K
}
Event: 8184.566 GC heap before
{Heap before GC invocations=105 (full 18):
 garbage-first heap   total 116736K, used 90183K [0x0000000701200000, 0x0000000800000000)
  region size 2048K, 27 young (55296K), 3 survivors (6144K)
 Metaspace       used 98501K, committed 99776K, reserved 1179648K
  class space    used 12352K, committed 12992K, reserved 1048576K
}
Event: 8184.569 GC heap after
{Heap after GC invocations=106 (full 18):
 garbage-first heap   total 116736K, used 41619K [0x0000000701200000, 0x0000000800000000)
  region size 2048K, 3 young (6144K), 3 survivors (6144K)
 Metaspace       used 98501K, committed 99776K, reserved 1179648K
  class space    used 12352K, committed 12992K, reserved 1048576K
}
Event: 8187.526 GC heap before
{Heap before GC invocations=106 (full 18):
 garbage-first heap   total 116736K, used 86675K [0x0000000701200000, 0x0000000800000000)
  region size 2048K, 26 young (53248K), 3 survivors (6144K)
 Metaspace       used 98536K, committed 99840K, reserved 1179648K
  class space    used 12356K, committed 12992K, reserved 1048576K
}
Event: 8187.528 GC heap after
{Heap after GC invocations=107 (full 18):
 garbage-first heap   total 116736K, used 40909K [0x0000000701200000, 0x0000000800000000)
  region size 2048K, 2 young (4096K), 2 survivors (4096K)
 Metaspace       used 98536K, committed 99840K, reserved 1179648K
  class space    used 12356K, committed 12992K, reserved 1048576K
}

Deoptimization events (20 events):
Event: 8186.351 Thread 0x000001dd1b05d5c0 DEOPT PACKING pc=0x000001dcbc06e4d4 sp=0x00000096ab6ff0f0
Event: 8186.351 Thread 0x000001dd1b05d5c0 DEOPT UNPACKING pc=0x000001dcbac123a3 sp=0x00000096ab6ff100 mode 2
Event: 8186.755 Thread 0x000001dd1b05d5c0 Uncommon trap: trap_request=0xffffffde fr.pc=0x000001dcbc06e4d4 relative=0x0000000000001c14
Event: 8186.755 Thread 0x000001dd1b05d5c0 Uncommon trap: reason=class_check action=maybe_recompile pc=0x000001dcbc06e4d4 method=org.springframework.boot.devtools.filewatch.FileSystemWatcher$Watcher.getCurrentSnapshots()Ljava/util/Map; @ 12 c2
Event: 8186.755 Thread 0x000001dd1b05d5c0 DEOPT PACKING pc=0x000001dcbc06e4d4 sp=0x00000096ab6ff0f0
Event: 8186.755 Thread 0x000001dd1b05d5c0 DEOPT UNPACKING pc=0x000001dcbac123a3 sp=0x00000096ab6ff100 mode 2
Event: 8187.067 Thread 0x000001dd1b05dfe0 Uncommon trap: trap_request=0xfffffff4 fr.pc=0x000001dcbb7644c0 relative=0x0000000000000bc0
Event: 8187.067 Thread 0x000001dd1b05dfe0 Uncommon trap: reason=null_check action=make_not_entrant pc=0x000001dcbb7644c0 method=java.lang.Class.reflectionData()Ljava/lang/Class$ReflectionData; @ 18 c2
Event: 8187.067 Thread 0x000001dd1b05dfe0 DEOPT PACKING pc=0x000001dcbb7644c0 sp=0x00000096abaff590
Event: 8187.067 Thread 0x000001dd1b05dfe0 DEOPT UNPACKING pc=0x000001dcbac123a3 sp=0x00000096abaff4f8 mode 2
Event: 8187.090 Thread 0x000001dd1b05dfe0 DEOPT PACKING pc=0x000001dcb4b3be80 sp=0x00000096abafdf70
Event: 8187.090 Thread 0x000001dd1b05dfe0 DEOPT UNPACKING pc=0x000001dcbac12b43 sp=0x00000096abafd460 mode 0
Event: 8187.091 Thread 0x000001dd1b05dfe0 Uncommon trap: trap_request=0xffffff45 fr.pc=0x000001dcbbb2ad2c relative=0x00000000000003ec
Event: 8187.091 Thread 0x000001dd1b05dfe0 Uncommon trap: reason=unstable_if action=reinterpret pc=0x000001dcbbb2ad2c method=java.io.BufferedOutputStream.write([BII)V @ 35 c2
Event: 8187.091 Thread 0x000001dd1b05dfe0 DEOPT PACKING pc=0x000001dcbbb2ad2c sp=0x00000096abafe650
Event: 8187.091 Thread 0x000001dd1b05dfe0 DEOPT UNPACKING pc=0x000001dcbac123a3 sp=0x00000096abafe5f8 mode 2
Event: 8187.547 Thread 0x000001dd1b05dfe0 Uncommon trap: trap_request=0xfffffff4 fr.pc=0x000001dcbbdce2fc relative=0x0000000000003a9c
Event: 8187.547 Thread 0x000001dd1b05dfe0 Uncommon trap: reason=null_check action=make_not_entrant pc=0x000001dcbbdce2fc method=java.lang.Class.reflectionData()Ljava/lang/Class$ReflectionData; @ 18 c2
Event: 8187.547 Thread 0x000001dd1b05dfe0 DEOPT PACKING pc=0x000001dcbbdce2fc sp=0x00000096abafdcf0
Event: 8187.548 Thread 0x000001dd1b05dfe0 DEOPT UNPACKING pc=0x000001dcbac123a3 sp=0x00000096abafdb70 mode 2

Classes unloaded (20 events):
Event: 8182.105 Thread 0x000001dccf742580 Unloading class 0x000001dcd1380c00 'java/lang/invoke/LambdaForm$MH+0x000001dcd1380c00'
Event: 8182.106 Thread 0x000001dccf742580 Unloading class 0x000001dcd136a400 'java/lang/invoke/LambdaForm$MH+0x000001dcd136a400'
Event: 8182.106 Thread 0x000001dccf742580 Unloading class 0x000001dcd1118000 'java/lang/invoke/LambdaForm$MH+0x000001dcd1118000'
Event: 8182.106 Thread 0x000001dccf742580 Unloading class 0x000001dcd1111c00 'java/lang/invoke/LambdaForm$MH+0x000001dcd1111c00'
Event: 8182.106 Thread 0x000001dccf742580 Unloading class 0x000001dcd1111800 'java/lang/invoke/LambdaForm$MH+0x000001dcd1111800'
Event: 8182.106 Thread 0x000001dccf742580 Unloading class 0x000001dcd1111400 'java/lang/invoke/LambdaForm$MH+0x000001dcd1111400'
Event: 8182.106 Thread 0x000001dccf742580 Unloading class 0x000001dcd1111000 'java/lang/invoke/LambdaForm$MH+0x000001dcd1111000'
Event: 8182.106 Thread 0x000001dccf742580 Unloading class 0x000001dcd1110c00 'java/lang/invoke/LambdaForm$MH+0x000001dcd1110c00'
Event: 8182.106 Thread 0x000001dccf742580 Unloading class 0x000001dcd1110800 'java/lang/invoke/LambdaForm$MH+0x000001dcd1110800'
Event: 8182.106 Thread 0x000001dccf742580 Unloading class 0x000001dcd1110400 'java/lang/invoke/LambdaForm$MH+0x000001dcd1110400'
Event: 8182.106 Thread 0x000001dccf742580 Unloading class 0x000001dcd1035800 'java/lang/invoke/LambdaForm$MH+0x000001dcd1035800'
Event: 8182.106 Thread 0x000001dccf742580 Unloading class 0x000001dcd1035400 'java/lang/invoke/LambdaForm$MH+0x000001dcd1035400'
Event: 8182.106 Thread 0x000001dccf742580 Unloading class 0x000001dcd1035000 'java/lang/invoke/LambdaForm$MH+0x000001dcd1035000'
Event: 8182.106 Thread 0x000001dccf742580 Unloading class 0x000001dcd1034c00 'java/lang/invoke/LambdaForm$MH+0x000001dcd1034c00'
Event: 8182.106 Thread 0x000001dccf742580 Unloading class 0x000001dcd1034800 'java/lang/invoke/LambdaForm$MH+0x000001dcd1034800'
Event: 8182.106 Thread 0x000001dccf742580 Unloading class 0x000001dcd1034400 'java/lang/invoke/LambdaForm$MH+0x000001dcd1034400'
Event: 8182.106 Thread 0x000001dccf742580 Unloading class 0x000001dcd1018800 'java/lang/invoke/LambdaForm$MH+0x000001dcd1018800'
Event: 8182.106 Thread 0x000001dccf742580 Unloading class 0x000001dcd1018400 'java/lang/invoke/LambdaForm$MH+0x000001dcd1018400'
Event: 8182.106 Thread 0x000001dccf742580 Unloading class 0x000001dcd1017c00 'java/lang/invoke/LambdaForm$MH+0x000001dcd1017c00'
Event: 8182.106 Thread 0x000001dccf742580 Unloading class 0x000001dcd1017800 'java/lang/invoke/LambdaForm$MH+0x000001dcd1017800'

Classes redefined (0 events):
No events

Internal exceptions (20 events):
Event: 8187.517 Thread 0x000001dd1b05dfe0 Exception <a 'java/io/IOException'{0x0000000705639350}> (0x0000000705639350) 
thrown [s\open\src\hotspot\share\prims\jni.cpp, line 516]
Event: 8187.518 Thread 0x000001dd1b05dfe0 Exception <a 'sun/nio/fs/WindowsException'{0x000000070568a7b0}> (0x000000070568a7b0) 
thrown [s\open\src\hotspot\share\prims\jni.cpp, line 516]
Event: 8187.520 Thread 0x000001dd1b05dfe0 Exception <a 'java/io/IOException'{0x000000070569a0b0}> (0x000000070569a0b0) 
thrown [s\open\src\hotspot\share\prims\jni.cpp, line 516]
Event: 8187.520 Thread 0x000001dd1b05dfe0 Exception <a 'java/io/IOException'{0x000000070569a670}> (0x000000070569a670) 
thrown [s\open\src\hotspot\share\prims\jni.cpp, line 516]
Event: 8187.546 Thread 0x000001dd1b05dfe0 Exception <a 'java/lang/NoClassDefFoundError'{0x000000070814e238}: liquibase/integration/spring/SpringLiquibase> (0x000000070814e238) 
thrown [s\open\src\hotspot\share\oops\constantPool.cpp, line 837]
Event: 8187.547 Thread 0x000001dd1b05dfe0 Implicit null exception at 0x000001dcbbdcadc6 to 0x000001dcbbdce2bc
Event: 8187.549 Thread 0x000001dd1b05dfe0 Exception <a 'java/lang/NoClassDefFoundError'{0x00000007081c08c8}: org/jooq/DSLContext> (0x00000007081c08c8) 
thrown [s\open\src\hotspot\share\oops\constantPool.cpp, line 837]
Event: 8187.550 Thread 0x000001dd1b05dfe0 Exception <a 'java/lang/NoClassDefFoundError'{0x00000007081c8778}: org/springframework/batch/core/repository/JobRepository> (0x00000007081c8778) 
thrown [s\open\src\hotspot\share\oops\constantPool.cpp, line 837]
Event: 8187.550 Thread 0x000001dd1b05dfe0 Exception <a 'java/lang/NoClassDefFoundError'{0x00000007081c8dc0}: org/quartz/Scheduler> (0x00000007081c8dc0) 
thrown [s\open\src\hotspot\share\oops\constantPool.cpp, line 837]
Event: 8187.550 Thread 0x000001dd1b05dfe0 Exception <a 'java/lang/NoClassDefFoundError'{0x00000007081c9430}: org/springframework/session/jdbc/JdbcIndexedSessionRepository> (0x00000007081c9430) 
thrown [s\open\src\hotspot\share\oops\constantPool.cpp, line 837]
Event: 8187.588 Thread 0x000001dd1b05dfe0 Exception <a 'sun/nio/fs/WindowsException'{0x000000070794b598}> (0x000000070794b598) 
thrown [s\open\src\hotspot\share\prims\jni.cpp, line 516]
Event: 8187.589 Thread 0x000001dd1b05dfe0 Exception <a 'sun/nio/fs/WindowsException'{0x000000070794bbf0}> (0x000000070794bbf0) 
thrown [s\open\src\hotspot\share\prims\jni.cpp, line 516]
Event: 8187.589 Thread 0x000001dd1b05dfe0 Exception <a 'sun/nio/fs/WindowsException'{0x000000070794c2c8}> (0x000000070794c2c8) 
thrown [s\open\src\hotspot\share\prims\jni.cpp, line 516]
Event: 8187.589 Thread 0x000001dd1b05dfe0 Exception <a 'java/io/IOException'{0x000000070794db88}> (0x000000070794db88) 
thrown [s\open\src\hotspot\share\prims\jni.cpp, line 516]
Event: 8187.589 Thread 0x000001dd1b05dfe0 Exception <a 'java/io/IOException'{0x000000070794e148}> (0x000000070794e148) 
thrown [s\open\src\hotspot\share\prims\jni.cpp, line 516]
Event: 8187.590 Thread 0x000001dd1b05dfe0 Exception <a 'java/io/IOException'{0x00000007079597a0}> (0x00000007079597a0) 
thrown [s\open\src\hotspot\share\prims\jni.cpp, line 516]
Event: 8187.590 Thread 0x000001dd1b05dfe0 Exception <a 'java/io/IOException'{0x0000000707959d60}> (0x0000000707959d60) 
thrown [s\open\src\hotspot\share\prims\jni.cpp, line 516]
Event: 8187.590 Thread 0x000001dd1b05dfe0 Exception <a 'java/io/IOException'{0x000000070795bc58}> (0x000000070795bc58) 
thrown [s\open\src\hotspot\share\prims\jni.cpp, line 516]
Event: 8187.590 Thread 0x000001dd1b05dfe0 Exception <a 'java/io/IOException'{0x000000070795c218}> (0x000000070795c218) 
thrown [s\open\src\hotspot\share\prims\jni.cpp, line 516]
Event: 8187.595 Thread 0x000001dd1b05dfe0 Exception <a 'java/io/FileNotFoundException'{0x000000070799a040}> (0x000000070799a040) 
thrown [s\open\src\hotspot\share\prims\jni.cpp, line 516]

VM Operations (20 events):
Event: 7986.243 Executing VM operation: G1CollectForAllocation
Event: 7986.273 Executing VM operation: G1CollectForAllocation done
Event: 8155.628 Executing VM operation: Cleanup
Event: 8155.643 Executing VM operation: Cleanup done
Event: 8156.650 Executing VM operation: Cleanup
Event: 8156.650 Executing VM operation: Cleanup done
Event: 8159.668 Executing VM operation: Cleanup
Event: 8159.668 Executing VM operation: Cleanup done
Event: 8161.685 Executing VM operation: Cleanup
Event: 8161.685 Executing VM operation: Cleanup done
Event: 8182.043 Executing VM operation: G1CollectFull
Event: 8182.353 Executing VM operation: G1CollectFull done
Event: 8182.815 Executing VM operation: G1CollectForAllocation
Event: 8182.820 Executing VM operation: G1CollectForAllocation done
Event: 8184.566 Executing VM operation: G1CollectForAllocation
Event: 8184.569 Executing VM operation: G1CollectForAllocation done
Event: 8185.575 Executing VM operation: Cleanup
Event: 8185.575 Executing VM operation: Cleanup done
Event: 8187.526 Executing VM operation: G1CollectForAllocation
Event: 8187.528 Executing VM operation: G1CollectForAllocation done

Events (20 events):
Event: 8182.836 Thread 0x000001dd1b05d5c0 Thread added: 0x000001dd1b05d5c0
Event: 8182.836 Thread 0x000001dd1b05a830 Thread added: 0x000001dd1b05a830
Event: 8182.837 Thread 0x000001dd1b05a830 Thread exited: 0x000001dd1b05a830
Event: 8182.837 Thread 0x000001dd1b05d5c0 Thread exited: 0x000001dd1b05d5c0
Event: 8182.875 Thread 0x000001dd1b05dfe0 Thread exited: 0x000001dd1b05dfe0
Event: 8182.875 Thread 0x000001dd1b05d5c0 Thread added: 0x000001dd1b05d5c0
Event: 8184.303 Thread 0x000001dd1b05dad0 Thread added: 0x000001dd1b05dad0
Event: 8184.307 Thread 0x000001dccf8a0390 Thread exited: 0x000001dccf8a0390
Event: 8184.350 Thread 0x000001dd1b05dfe0 Thread added: 0x000001dd1b05dfe0
Event: 8184.366 Thread 0x000001dd1b05dfe0 Thread exited: 0x000001dd1b05dfe0
Event: 8184.619 Thread 0x000001dd1b05a830 Thread added: 0x000001dd1b05a830
Event: 8184.619 Thread 0x000001dd1b05f930 Thread added: 0x000001dd1b05f930
Event: 8184.620 Thread 0x000001dd1b05a830 Thread exited: 0x000001dd1b05a830
Event: 8184.620 Thread 0x000001dd1b05f930 Thread exited: 0x000001dd1b05f930
Event: 8184.625 Thread 0x000001dd1b05dad0 Thread exited: 0x000001dd1b05dad0
Event: 8184.625 Thread 0x000001dd1b05dad0 Thread added: 0x000001dd1b05dad0
Event: 8187.066 Thread 0x000001dd1b05dfe0 Thread added: 0x000001dd1b05dfe0
Event: 8187.098 Thread 0x000001dd1b05a830 Thread added: 0x000001dd1b05a830
Event: 8187.106 Thread 0x000001dd1b05a830 Thread exited: 0x000001dd1b05a830
Event: 8187.517 Thread 0x000001dccf8a1380 Thread added: 0x000001dccf8a1380


Dynamic libraries:
0x00007ff7f29c0000 - 0x00007ff7f29d0000 	C:\Program Files\Java\jdk-17\bin\java.exe
0x00007ffd42360000 - 0x00007ffd425c3000 	C:\WINDOWS\SYSTEM32\ntdll.dll
0x00007ffd40ad0000 - 0x00007ffd40b98000 	C:\WINDOWS\System32\KERNEL32.DLL
0x00007ffd3f730000 - 0x00007ffd3fae2000 	C:\WINDOWS\System32\KERNELBASE.dll
0x00007ffd3faf0000 - 0x00007ffd3fc3b000 	C:\WINDOWS\System32\ucrtbase.dll
0x00007ffd2aa60000 - 0x00007ffd2aa7b000 	C:\Program Files\Java\jdk-17\bin\VCRUNTIME140.dll
0x00007ffd2aa40000 - 0x00007ffd2aa59000 	C:\Program Files\Java\jdk-17\bin\jli.dll
0x00007ffd40500000 - 0x00007ffd405b4000 	C:\WINDOWS\System32\ADVAPI32.dll
0x00007ffd401c0000 - 0x00007ffd40269000 	C:\WINDOWS\System32\msvcrt.dll
0x00007ffd41ba0000 - 0x00007ffd41c46000 	C:\WINDOWS\System32\sechost.dll
0x00007ffd42070000 - 0x00007ffd42186000 	C:\WINDOWS\System32\RPCRT4.dll
0x00007ffd41ea0000 - 0x00007ffd42068000 	C:\WINDOWS\System32\USER32.dll
0x00007ffd3fd70000 - 0x00007ffd3fd97000 	C:\WINDOWS\System32\win32u.dll
0x00007ffd26d60000 - 0x00007ffd26ff0000 	C:\WINDOWS\WinSxS\amd64_microsoft.windows.common-controls_6595b64144ccf1df_6.0.26100.2454_none_3e0b68a2e331ad60\COMCTL32.dll
0x00007ffd41990000 - 0x00007ffd419ba000 	C:\WINDOWS\System32\GDI32.dll
0x00007ffd3fc40000 - 0x00007ffd3fd6b000 	C:\WINDOWS\System32\gdi32full.dll
0x00007ffd40110000 - 0x00007ffd401b3000 	C:\WINDOWS\System32\msvcp_win.dll
0x00007ffd32e00000 - 0x00007ffd32e0b000 	C:\WINDOWS\SYSTEM32\VERSION.dll
0x00007ffd40270000 - 0x00007ffd4029f000 	C:\WINDOWS\System32\IMM32.DLL
0x00007ffd2a9a0000 - 0x00007ffd2a9ac000 	C:\Program Files\Java\jdk-17\bin\vcruntime140_1.dll
0x00007ffcf55d0000 - 0x00007ffcf565e000 	C:\Program Files\Java\jdk-17\bin\msvcp140.dll
0x00007ffca7d20000 - 0x00007ffca8900000 	C:\Program Files\Java\jdk-17\bin\server\jvm.dll
0x00007ffd404f0000 - 0x00007ffd404f8000 	C:\WINDOWS\System32\PSAPI.DLL
0x00007ffd1c050000 - 0x00007ffd1c05a000 	C:\WINDOWS\SYSTEM32\WSOCK32.dll
0x00007ffd32ca0000 - 0x00007ffd32cd6000 	C:\WINDOWS\SYSTEM32\WINMM.dll
0x00007ffd42190000 - 0x00007ffd42204000 	C:\WINDOWS\System32\WS2_32.dll
0x00007ffd3e530000 - 0x00007ffd3e54a000 	C:\WINDOWS\SYSTEM32\kernel.appcore.dll
0x00007ffd2a990000 - 0x00007ffd2a99a000 	C:\Program Files\Java\jdk-17\bin\jimage.dll
0x00007ffd37920000 - 0x00007ffd37b61000 	C:\WINDOWS\SYSTEM32\DBGHELP.DLL
0x00007ffd41470000 - 0x00007ffd417ee000 	C:\WINDOWS\System32\combase.dll
0x00007ffd41ac0000 - 0x00007ffd41b96000 	C:\WINDOWS\System32\OLEAUT32.dll
0x00007ffd125b0000 - 0x00007ffd125e9000 	C:\WINDOWS\SYSTEM32\dbgcore.DLL
0x00007ffd3ff20000 - 0x00007ffd3ffb9000 	C:\WINDOWS\System32\bcryptPrimitives.dll
0x00007ffd2a960000 - 0x00007ffd2a985000 	C:\Program Files\Java\jdk-17\bin\java.dll
0x00007ffca7c40000 - 0x00007ffca7d17000 	C:\Program Files\Java\jdk-17\bin\jsvml.dll
0x00007ffd40d60000 - 0x00007ffd41461000 	C:\WINDOWS\System32\SHELL32.dll
0x00007ffd3d420000 - 0x00007ffd3dc51000 	C:\WINDOWS\SYSTEM32\windows.storage.dll
0x00007ffd40c80000 - 0x00007ffd40d5a000 	C:\WINDOWS\System32\SHCORE.dll
0x00007ffd40c20000 - 0x00007ffd40c7d000 	C:\WINDOWS\System32\shlwapi.dll
0x00007ffd3f640000 - 0x00007ffd3f66e000 	C:\WINDOWS\SYSTEM32\profapi.dll
0x00007ffd20bf0000 - 0x00007ffd20c09000 	C:\Program Files\Java\jdk-17\bin\net.dll
0x00007ffd39750000 - 0x00007ffd39876000 	C:\WINDOWS\SYSTEM32\WINHTTP.dll
0x00007ffd3ea10000 - 0x00007ffd3ea78000 	C:\WINDOWS\system32\mswsock.dll
0x00007ffd20bd0000 - 0x00007ffd20be6000 	C:\Program Files\Java\jdk-17\bin\nio.dll
0x00007ffd1ba90000 - 0x00007ffd1baa8000 	C:\Program Files\Java\jdk-17\bin\zip.dll
0x00007ffd2a950000 - 0x00007ffd2a95a000 	C:\Program Files\Java\jdk-17\bin\management.dll
0x00007ffd21b00000 - 0x00007ffd21b0b000 	C:\Program Files\Java\jdk-17\bin\management_ext.dll
0x00007ffd219a0000 - 0x00007ffd219ae000 	C:\Program Files\Java\jdk-17\bin\sunmscapi.dll
0x00007ffd3fda0000 - 0x00007ffd3ff16000 	C:\WINDOWS\System32\CRYPT32.dll
0x00007ffd3ef10000 - 0x00007ffd3ef40000 	C:\WINDOWS\SYSTEM32\ncrypt.dll
0x00007ffd3eec0000 - 0x00007ffd3eeff000 	C:\WINDOWS\SYSTEM32\NTASN1.dll
0x00007ffd3edc0000 - 0x00007ffd3eddc000 	C:\WINDOWS\SYSTEM32\CRYPTSP.dll
0x00007ffd3e490000 - 0x00007ffd3e4c8000 	C:\WINDOWS\system32\rsaenh.dll
0x00007ffd3eab0000 - 0x00007ffd3eadb000 	C:\WINDOWS\SYSTEM32\USERENV.dll
0x00007ffd3ef50000 - 0x00007ffd3ef76000 	C:\WINDOWS\SYSTEM32\bcrypt.dll
0x00007ffd3ec40000 - 0x00007ffd3ec4c000 	C:\WINDOWS\SYSTEM32\CRYPTBASE.dll
0x00007ffd3df50000 - 0x00007ffd3df82000 	C:\WINDOWS\SYSTEM32\IPHLPAPI.DLL
0x00007ffd404e0000 - 0x00007ffd404ea000 	C:\WINDOWS\System32\NSI.dll
0x00007ffd396d0000 - 0x00007ffd396ee000 	C:\WINDOWS\SYSTEM32\dhcpcsvc6.DLL
0x00007ffd396a0000 - 0x00007ffd396c5000 	C:\WINDOWS\SYSTEM32\dhcpcsvc.DLL
0x00007ffd3df90000 - 0x00007ffd3e0b5000 	C:\WINDOWS\SYSTEM32\DNSAPI.dll
0x00007ffd2fd90000 - 0x00007ffd2fd9b000 	C:\Windows\System32\rasadhlp.dll
0x00007ffd38da0000 - 0x00007ffd38e25000 	C:\WINDOWS\System32\fwpuclnt.dll
0x00007ffd21350000 - 0x00007ffd21360000 	C:\Program Files\Java\jdk-17\bin\verify.dll
0x00007ffd27070000 - 0x00007ffd27078000 	C:\WINDOWS\system32\wshunix.dll

dbghelp: loaded successfully - version: 4.0.5 - missing functions: none
symbol engine: initialized successfully - sym options: 0x614 - pdb path: .;C:\Program Files\Java\jdk-17\bin;C:\WINDOWS\SYSTEM32;C:\WINDOWS\WinSxS\amd64_microsoft.windows.common-controls_6595b64144ccf1df_6.0.26100.2454_none_3e0b68a2e331ad60;C:\Program Files\Java\jdk-17\bin\server

VM Arguments:
jvm_args: -XX:+ShowCodeDetailsInExceptionMessages -Dfile.encoding=UTF-8 
java_command: disk.api.ApiApplication
java_class_path (initial): C:\Users\josek\DiskBalneas-mono\api\target\classes;C:\Users\josek\.m2\repository\org\flywaydb\flyway-database-postgresql\11.3.0\flyway-database-postgresql-11.3.0.jar;C:\Users\josek\.m2\repository\org\flywaydb\flyway-core\11.3.0\flyway-core-11.3.0.jar;C:\Users\josek\.m2\repository\com\fasterxml\jackson\dataformat\jackson-dataformat-toml\2.18.2\jackson-dataformat-toml-2.18.2.jar;C:\Users\josek\.m2\repository\com\fasterxml\jackson\core\jackson-core\2.18.2\jackson-core-2.18.2.jar;C:\Users\josek\.m2\repository\com\fasterxml\jackson\datatype\jackson-datatype-jsr310\2.18.2\jackson-datatype-jsr310-2.18.2.jar;C:\Users\josek\.m2\repository\com\fasterxml\jackson\core\jackson-annotations\2.18.2\jackson-annotations-2.18.2.jar;C:\Users\josek\.m2\repository\io\jsonwebtoken\jjwt\0.12.6\jjwt-0.12.6.jar;C:\Users\josek\.m2\repository\io\jsonwebtoken\jjwt-api\0.12.6\jjwt-api-0.12.6.jar;C:\Users\josek\.m2\repository\io\jsonwebtoken\jjwt-impl\0.12.6\jjwt-impl-0.12.6.jar;C:\Users\josek\.m2\repository\io\jsonwebtoken\jjwt-jackson\0.12.6\jjwt-jackson-0.12.6.jar;C:\Users\josek\.m2\repository\com\auth0\java-jwt\4.4.0\java-jwt-4.4.0.jar;C:\Users\josek\.m2\repository\com\fasterxml\jackson\core\jackson-databind\2.18.2\jackson-databind-2.18.2.jar;C:\Users\josek\.m2\repository\org\springframework\boot\spring-boot-starter-security\3.4.1\spring-boot-starter-security-3.4.1.jar;C:\Users\josek\.m2\repository\org\springframework\boot\spring-boot-starter\3.4.1\spring-boot-starter-3.4.1.jar;C:\Users\josek\.m2\repository\org\springframework\boot\spring-boot-starter-logging\3.4.1\spring-boot-starter-logging-3.4.1.jar;C:\Users\josek\.m2\repository\ch\qos\logback\logback-classic\1.5.12\logback-classic-1.5.12.jar;C:\Users\josek\.m2\repository\ch\qos\logback\logback-core\1.5.12\logback-core-1.5.12.jar;C:\Users\josek\.m2\repository\org\apache\logging\log4j\log4j-to-slf4j\2.24.3\log4j-to-slf4j-2.24.3.jar;C:\Users\josek\.m2\repository\org\apache\logging\log4j\log4j-api\2.24.3\log4j-api
Launcher Type: SUN_STANDARD

[Global flags]
     intx CICompilerCount                          = 12                                        {product} {ergonomic}
     uint ConcGCThreads                            = 3                                         {product} {ergonomic}
     uint G1ConcRefinementThreads                  = 13                                        {product} {ergonomic}
   size_t G1HeapRegionSize                         = 2097152                                   {product} {ergonomic}
    uintx GCDrainStackTargetSize                   = 64                                        {product} {ergonomic}
   size_t InitialHeapSize                          = 268435456                                 {product} {ergonomic}
   size_t MarkStackSize                            = 4194304                                   {product} {ergonomic}
   size_t MaxHeapSize                              = 4276092928                                {product} {ergonomic}
   size_t MaxNewSize                               = 2564816896                                {product} {ergonomic}
   size_t MinHeapDeltaBytes                        = 2097152                                   {product} {ergonomic}
   size_t MinHeapSize                              = 8388608                                   {product} {ergonomic}
    uintx NonNMethodCodeHeapSize                   = 7602480                                {pd product} {ergonomic}
    uintx NonProfiledCodeHeapSize                  = 122027880                              {pd product} {ergonomic}
    uintx ProfiledCodeHeapSize                     = 122027880                              {pd product} {ergonomic}
    uintx ReservedCodeCacheSize                    = 251658240                              {pd product} {ergonomic}
     bool SegmentedCodeCache                       = true                                      {product} {ergonomic}
     bool ShowCodeDetailsInExceptionMessages       = true                                   {manageable} {command line}
   size_t SoftMaxHeapSize                          = 4276092928                             {manageable} {ergonomic}
     bool UseCompressedClassPointers               = true                           {product lp64_product} {ergonomic}
     bool UseCompressedOops                        = true                           {product lp64_product} {ergonomic}
     bool UseG1GC                                  = true                                      {product} {ergonomic}
     bool UseLargePagesIndividualAllocation        = false                                  {pd product} {ergonomic}

Logging:
Log output configuration:
 #0: stdout all=warning uptime,level,tags
 #1: stderr all=off uptime,level,tags

Environment Variables:
PATH=C:\Users\josek\bin;K:\Git\mingw64\bin;K:\Git\usr\local\bin;K:\Git\usr\bin;K:\Git\usr\bin;K:\Git\mingw64\bin;K:\Git\usr\bin;C:\Users\josek\bin;C:\Program Files\Common Files\Oracle\Java\javapath;C:\Program Files (x86)\Common Files\Oracle\Java\java8path;C:\Program Files (x86)\Common Files\Oracle\Java\javapath;C:\WINDOWS\system32;C:\WINDOWS;C:\WINDOWS\System32\Wbem;C:\WINDOWS\System32\WindowsPowerShell\v1.0;C:\WINDOWS\System32\OpenSSH;K:\Git\cmd;C:\Program Files\Docker\Docker\resources\bin;C:\Program Files\nodejs;C:\Users\josek\AppData\Local\Microsoft\WindowsApps;C:\Users\josek\AppData\Local\Programs\Microsoft VS Code\bin;C:\Users\josek\AppData\Roaming\npm;K:\Git\usr\bin\vendor_perl;K:\Git\usr\bin\core_perl
USERNAME=Kayky
SHELL=K:\Git\usr\bin\bash.exe
DISPLAY=needs-to-be-defined
LC_CTYPE=pt_BR.UTF-8
OS=Windows_NT
PROCESSOR_IDENTIFIER=AMD64 Family 25 Model 33 Stepping 2, AuthenticAMD



---------------  S Y S T E M  ---------------

OS:
 Windows 11 , 64 bit Build 26100 (10.0.26100.2454)
OS uptime: 19 days 5:03 hours
Hyper-V role detected

CPU: total 16 (initial active 16) (16 cores per cpu, 2 threads per core) family 25 model 33 stepping 2 microcode 0xa20120a, cx8, cmov, fxsr, ht, mmx, 3dnowpref, sse, sse2, sse3, ssse3, sse4a, sse4.1, sse4.2, popcnt, lzcnt, tsc, tscinvbit, avx, avx2, aes, erms, clmul, bmi1, bmi2, adx, sha, fma, vzeroupper, clflush, clflushopt, hv

Memory: 4k page, system-wide physical 16307M (664M free)
TotalPageFile size 44828M (AvailPageFile size 2M)
current process WorkingSet (physical memory assigned to process): 349M, peak: 417M
current process commit charge ("private bytes"): 475M, peak: 554M

vm_info: Java HotSpot(TM) 64-Bit Server VM (17.0.12+8-LTS-286) for windows-amd64 JRE (17.0.12+8-LTS-286), built on Jun  5 2024 06:46:59 by "mach5one" with MS VC++ 17.6 (VS2022)

END.
